#
# There is insufficient memory for the Java Runtime Environment to continue.
# Native memory allocation (malloc) failed to allocate 1635936 bytes. Error detail: Chunk::new
# Possible reasons:
#   The system is out of physical RAM or swap space
#   This process is running with CompressedOops enabled, and the Java Heap may be blocking the growth of the native heap
# Possible solutions:
#   Reduce memory load on the system
#   Increase physical memory or swap space
#   Check if swap backing store is full
#   Decrease Java heap size (-Xmx/-Xms)
#   Decrease number of Java threads
#   Decrease Java thread stack sizes (-Xss)
#   Set larger code cache with -XX:ReservedCodeCacheSize=
#   JVM is running with Unscaled Compressed Oops mode in which the Java heap is
#     placed in the first 4GB address space. The Java Heap base address is the
#     maximum limit for the native heap growth. Please use -XX:HeapBaseMinAddress
#     to set the Java Heap base and to place the Java Heap above 4GB virtual address.
# This output file may be truncated or incomplete.
#
#  Out of Memory Error (arena.cpp:168), pid=31580, tid=26516
#
# JRE version: OpenJDK Runtime Environment Temurin-21.0.10+7 (21.0.10+7) (build 21.0.10+7-LTS)
# Java VM: OpenJDK 64-Bit Server VM Temurin-21.0.10+7 (21.0.10+7-LTS, mixed mode, sharing, tiered, compressed oops, compressed class ptrs, g1 gc, windows-amd64)
# No core dump will be written. Minidumps are not enabled by default on client versions of Windows
#

---------------  S U M M A R Y ------------

Command Line: --add-opens=java.base/java.lang=ALL-UNNAMED --add-opens=java.base/java.lang.invoke=ALL-UNNAMED --add-opens=java.base/java.util=ALL-UNNAMED --add-opens=java.prefs/java.util.prefs=ALL-UNNAMED --add-exports=jdk.compiler/com.sun.tools.javac.api=ALL-UNNAMED --add-exports=jdk.compiler/com.sun.tools.javac.util=ALL-UNNAMED --add-opens=java.base/java.util=ALL-UNNAMED --add-opens=java.prefs/java.util.prefs=ALL-UNNAMED --add-opens=java.base/java.nio.charset=ALL-UNNAMED --add-opens=java.base/java.net=ALL-UNNAMED --add-opens=java.base/java.util.concurrent=ALL-UNNAMED --add-opens=java.base/java.util.concurrent.atomic=ALL-UNNAMED --add-opens=java.xml/javax.xml.namespace=ALL-UNNAMED --add-opens=java.base/java.time=ALL-UNNAMED -XX:MaxMetaspaceSize=384m -XX:+HeapDumpOnOutOfMemoryError -Xms256m -Xmx512m -Dfile.encoding=UTF-8 -Duser.country=US -Duser.language=en -Duser.variant -javaagent:C:\Users\phamq\.gradle\wrapper\dists\gradle-9.2.1-bin\2t0n5ozlw9xmuyvbp7dnzaxug\gradle-9.2.1\lib\agents\gradle-instrumentation-agent-9.2.1.jar org.gradle.launcher.daemon.bootstrap.GradleDaemon 9.2.1

Host: 12th Gen Intel(R) Core(TM) i7-1255U, 12 cores, 15G,  Windows 11 , 64 bit Build 26100 (10.0.26100.7920)
Time: Mon Mar 23 16:14:18 2026 SE Asia Standard Time elapsed time: 11.072684 seconds (0d 0h 0m 11s)

---------------  T H R E A D  ---------------

Current thread (0x0000028fc6105100):  JavaThread "C2 CompilerThread2" daemon [_thread_in_native, id=26516, stack(0x000000ba32900000,0x000000ba32a00000) (1024K)]


Current CompileTask:
C2:11072 7057   !   4       org.jetbrains.kotlin.metadata.ProtoBuf$Type::<init> (875 bytes)

Stack: [0x000000ba32900000,0x000000ba32a00000]
Native frames: (J=compiled Java code, j=interpreted, Vv=VM code, C=native code)
V  [jvm.dll+0x6d7a39]
V  [jvm.dll+0x8b4b26]
V  [jvm.dll+0x8b70de]
V  [jvm.dll+0x8b77c3]
V  [jvm.dll+0x284346]
V  [jvm.dll+0xc66ed]
V  [jvm.dll+0xc6c31]
V  [jvm.dll+0x3bec3b]
V  [jvm.dll+0x38b162]
V  [jvm.dll+0x38a5aa]
V  [jvm.dll+0x24c560]
V  [jvm.dll+0x24bb40]
V  [jvm.dll+0x1cb34e]
V  [jvm.dll+0x25b85d]
V  [jvm.dll+0x259dea]
V  [jvm.dll+0x3f857e]
V  [jvm.dll+0x85f59d]
V  [jvm.dll+0x6d626d]
C  [ucrtbase.dll+0x37b0]
C  [KERNEL32.DLL+0x2e8d7]
C  [ntdll.dll+0x8c48c]


---------------  P R O C E S S  ---------------

Threads class SMR info:
_java_thread_list=0x0000028fc5742090, length=37, elements={
0x0000028f8e73fc20, 0x0000028fa9a66780, 0x0000028fa9a671e0, 0x0000028fa9a6a800,
0x0000028fa9a6b260, 0x0000028fa9a6bcc0, 0x0000028fa9a6c720, 0x0000028fa9a705a0,
0x0000028fa9a771a0, 0x0000028fa9c45f00, 0x0000028fa9d308b0, 0x0000028fc4720650,
0x0000028fc48b9170, 0x0000028fc478c380, 0x0000028fc4949fe0, 0x0000028fc49d14c0,
0x0000028fc49fc010, 0x0000028fc4a3bb80, 0x0000028fc4a3b4f0, 0x0000028fc4a3ae60,
0x0000028fc4a38700, 0x0000028fc4a3a7d0, 0x0000028fc4a38d90, 0x0000028fc4a39420,
0x0000028fc66aa3b0, 0x0000028fc66ac480, 0x0000028fc66aaa40, 0x0000028fc66ab0d0,
0x0000028fc66ab760, 0x0000028fc66acb10, 0x0000028fc66ad1a0, 0x0000028fc66a9d20,
0x0000028fc66ae550, 0x0000028fc66af900, 0x0000028fc66b0620, 0x0000028fc6104a30,
0x0000028fc6105100
}

Java Threads: ( => current thread )
  0x0000028f8e73fc20 JavaThread "main"                              [_thread_blocked, id=24724, stack(0x000000ba2f300000,0x000000ba2f400000) (1024K)]
  0x0000028fa9a66780 JavaThread "Reference Handler"          daemon [_thread_blocked, id=23880, stack(0x000000ba2fb00000,0x000000ba2fc00000) (1024K)]
  0x0000028fa9a671e0 JavaThread "Finalizer"                  daemon [_thread_blocked, id=37264, stack(0x000000ba2fc00000,0x000000ba2fd00000) (1024K)]
  0x0000028fa9a6a800 JavaThread "Signal Dispatcher"          daemon [_thread_blocked, id=38584, stack(0x000000ba2fd00000,0x000000ba2fe00000) (1024K)]
  0x0000028fa9a6b260 JavaThread "Attach Listener"            daemon [_thread_blocked, id=23132, stack(0x000000ba2fe00000,0x000000ba2ff00000) (1024K)]
  0x0000028fa9a6bcc0 JavaThread "Service Thread"             daemon [_thread_blocked, id=33316, stack(0x000000ba2ff00000,0x000000ba30000000) (1024K)]
  0x0000028fa9a6c720 JavaThread "Monitor Deflation Thread"   daemon [_thread_blocked, id=38340, stack(0x000000ba30000000,0x000000ba30100000) (1024K)]
  0x0000028fa9a705a0 JavaThread "C2 CompilerThread0"         daemon [_thread_blocked, id=13992, stack(0x000000ba30100000,0x000000ba30200000) (1024K)]
  0x0000028fa9a771a0 JavaThread "C1 CompilerThread0"         daemon [_thread_blocked, id=11128, stack(0x000000ba30200000,0x000000ba30300000) (1024K)]
  0x0000028fa9c45f00 JavaThread "Common-Cleaner"             daemon [_thread_blocked, id=27276, stack(0x000000ba30400000,0x000000ba30500000) (1024K)]
  0x0000028fa9d308b0 JavaThread "Notification Thread"        daemon [_thread_blocked, id=19940, stack(0x000000ba30500000,0x000000ba30600000) (1024K)]
  0x0000028fc4720650 JavaThread "Daemon health stats"               [_thread_blocked, id=31904, stack(0x000000ba30c00000,0x000000ba30d00000) (1024K)]
  0x0000028fc48b9170 JavaThread "Incoming local TCP Connector on port 53588"        [_thread_in_native, id=20288, stack(0x000000ba30d00000,0x000000ba30e00000) (1024K)]
  0x0000028fc478c380 JavaThread "Daemon periodic checks"            [_thread_blocked, id=25060, stack(0x000000ba30e00000,0x000000ba30f00000) (1024K)]
  0x0000028fc4949fe0 JavaThread "Daemon"                            [_thread_blocked, id=28848, stack(0x000000ba30f00000,0x000000ba31000000) (1024K)]
  0x0000028fc49d14c0 JavaThread "Handler for socket connection from /127.0.0.1:53588 to /127.0.0.1:53589"        [_thread_in_native, id=30320, stack(0x000000ba31000000,0x000000ba31100000) (1024K)]
  0x0000028fc49fc010 JavaThread "Cancel handler"                    [_thread_blocked, id=17248, stack(0x000000ba31100000,0x000000ba31200000) (1024K)]
  0x0000028fc4a3bb80 JavaThread "Daemon worker"                     [_thread_in_native, id=34708, stack(0x000000ba31200000,0x000000ba31300000) (1024K)]
  0x0000028fc4a3b4f0 JavaThread "Asynchronous log dispatcher for DefaultDaemonConnection: socket connection from /127.0.0.1:53588 to /127.0.0.1:53589"        [_thread_blocked, id=17104, stack(0x000000ba31300000,0x000000ba31400000) (1024K)]
  0x0000028fc4a3ae60 JavaThread "Stdin handler"                     [_thread_blocked, id=37492, stack(0x000000ba31400000,0x000000ba31500000) (1024K)]
  0x0000028fc4a38700 JavaThread "Daemon client event forwarder"        [_thread_blocked, id=20752, stack(0x000000ba31500000,0x000000ba31600000) (1024K)]
  0x0000028fc4a3a7d0 JavaThread "Cache worker for journal cache (C:\Users\phamq\.gradle\caches\journal-1)"        [_thread_blocked, id=38208, stack(0x000000ba31600000,0x000000ba31700000) (1024K)]
  0x0000028fc4a38d90 JavaThread "File lock request listener"        [_thread_in_native, id=38872, stack(0x000000ba31700000,0x000000ba31800000) (1024K)]
  0x0000028fc4a39420 JavaThread "Cache worker for file hash cache (C:\Users\phamq\.gradle\caches\9.2.1\fileHashes)"        [_thread_blocked, id=19380, stack(0x000000ba31800000,0x000000ba31900000) (1024K)]
  0x0000028fc66aa3b0 JavaThread "File lock release action executor"        [_thread_blocked, id=18300, stack(0x000000ba31f00000,0x000000ba32000000) (1024K)]
  0x0000028fc66ac480 JavaThread "Cache worker for file hash cache (D:\springjava\travel\travel\.gradle\9.2.1\fileHashes)"        [_thread_blocked, id=33124, stack(0x000000ba32000000,0x000000ba32100000) (1024K)]
  0x0000028fc66aaa40 JavaThread "Cache worker for Build Output Cleanup Cache (D:\springjava\travel\travel\.gradle\buildOutputCleanup)"        [_thread_blocked, id=35224, stack(0x000000ba32100000,0x000000ba32200000) (1024K)]
  0x0000028fc66ab0d0 JavaThread "File watcher server"        daemon [_thread_in_native, id=22268, stack(0x000000ba32200000,0x000000ba32300000) (1024K)]
  0x0000028fc66ab760 JavaThread "File watcher consumer"      daemon [_thread_blocked, id=31184, stack(0x000000ba32300000,0x000000ba32400000) (1024K)]
  0x0000028fc66acb10 JavaThread "Cache worker for checksums cache (D:\springjava\travel\travel\.gradle\9.2.1\checksums)"        [_thread_blocked, id=38532, stack(0x000000ba30300000,0x000000ba30400000) (1024K)]
  0x0000028fc66ad1a0 JavaThread "Cache worker for file content cache (C:\Users\phamq\.gradle\caches\9.2.1\fileContent)"        [_thread_blocked, id=21600, stack(0x000000ba30b00000,0x000000ba30c00000) (1024K)]
  0x0000028fc66a9d20 JavaThread "Cache worker for cache directory md-supplier (C:\Users\phamq\.gradle\caches\9.2.1\md-supplier)"        [_thread_blocked, id=16264, stack(0x000000ba32400000,0x000000ba32500000) (1024K)]
  0x0000028fc66ae550 JavaThread "Cache worker for cache directory md-rule (C:\Users\phamq\.gradle\caches\9.2.1\md-rule)"        [_thread_blocked, id=21840, stack(0x000000ba32600000,0x000000ba32700000) (1024K)]
  0x0000028fc66af900 JavaThread "jar transforms"                    [_thread_blocked, id=26628, stack(0x000000ba32700000,0x000000ba32800000) (1024K)]
  0x0000028fc66b0620 JavaThread "jar transforms Thread 2"           [_thread_blocked, id=14196, stack(0x000000ba32800000,0x000000ba32900000) (1024K)]
  0x0000028fc6104a30 JavaThread "C2 CompilerThread1"         daemon [_thread_in_native, id=36912, stack(0x000000ba32500000,0x000000ba32600000) (1024K)]
=>0x0000028fc6105100 JavaThread "C2 CompilerThread2"         daemon [_thread_in_native, id=26516, stack(0x000000ba32900000,0x000000ba32a00000) (1024K)]
Total: 37

Other Threads:
  0x0000028fa9a4ae90 VMThread "VM Thread"                           [id=31760, stack(0x000000ba2fa00000,0x000000ba2fb00000) (1024K)]
  0x0000028fa9a37400 WatcherThread "VM Periodic Task Thread"        [id=33032, stack(0x000000ba2f900000,0x000000ba2fa00000) (1024K)]
  0x0000028f8e76ad60 WorkerThread "GC Thread#0"                     [id=19960, stack(0x000000ba2f400000,0x000000ba2f500000) (1024K)]
  0x0000028fa9d26d20 WorkerThread "GC Thread#1"                     [id=31696, stack(0x000000ba30600000,0x000000ba30700000) (1024K)]
  0x0000028fc311fbd0 WorkerThread "GC Thread#2"                     [id=38508, stack(0x000000ba30700000,0x000000ba30800000) (1024K)]
  0x0000028fc311ff80 WorkerThread "GC Thread#3"                     [id=14060, stack(0x000000ba30800000,0x000000ba30900000) (1024K)]
  0x0000028fa9e373c0 WorkerThread "GC Thread#4"                     [id=38388, stack(0x000000ba30900000,0x000000ba30a00000) (1024K)]
  0x0000028fa9e37770 WorkerThread "GC Thread#5"                     [id=33016, stack(0x000000ba30a00000,0x000000ba30b00000) (1024K)]
  0x0000028fc503fb60 WorkerThread "GC Thread#6"                     [id=7760, stack(0x000000ba31900000,0x000000ba31a00000) (1024K)]
  0x0000028fc5040a20 WorkerThread "GC Thread#7"                     [id=32192, stack(0x000000ba31a00000,0x000000ba31b00000) (1024K)]
  0x0000028fc50402c0 WorkerThread "GC Thread#8"                     [id=23824, stack(0x000000ba31b00000,0x000000ba31c00000) (1024K)]
  0x0000028fc5040670 WorkerThread "GC Thread#9"                     [id=30944, stack(0x000000ba31c00000,0x000000ba31d00000) (1024K)]
  0x0000028f8e76fc60 ConcurrentGCThread "G1 Main Marker"            [id=19532, stack(0x000000ba2f500000,0x000000ba2f600000) (1024K)]
  0x0000028f8e770680 WorkerThread "G1 Conc#0"                       [id=1436, stack(0x000000ba2f600000,0x000000ba2f700000) (1024K)]
  0x0000028fc503f050 WorkerThread "G1 Conc#1"                       [id=34424, stack(0x000000ba31d00000,0x000000ba31e00000) (1024K)]
  0x0000028fc503f400 WorkerThread "G1 Conc#2"                       [id=26336, stack(0x000000ba31e00000,0x000000ba31f00000) (1024K)]
  0x0000028fa990bf00 ConcurrentGCThread "G1 Refine#0"               [id=37664, stack(0x000000ba2f700000,0x000000ba2f800000) (1024K)]
  0x0000028fa990c940 ConcurrentGCThread "G1 Service"                [id=28172, stack(0x000000ba2f800000,0x000000ba2f900000) (1024K)]
Total: 18

Threads with active compile tasks:
C2 CompilerThread1  11105 7095   !   4       org.jetbrains.kotlin.metadata.ProtoBuf$ValueParameter::<init> (695 bytes)
C2 CompilerThread2  11105 7057   !   4       org.jetbrains.kotlin.metadata.ProtoBuf$Type::<init> (875 bytes)
Total: 2

VM state: not at safepoint (normal execution)

VM Mutex/Monitor currently owned by a thread: None

Heap address: 0x00000000e0000000, size: 512 MB, Compressed Oops mode: 32-bit

CDS archive(s) mapped at: [0x0000028faa000000-0x0000028faac80000-0x0000028faac80000), size 13107200, SharedBaseAddress: 0x0000028faa000000, ArchiveRelocationMode: 1.
Compressed class space mapped at: 0x0000028fab000000-0x0000028fbf000000, reserved size: 335544320
Narrow klass base: 0x0000028faa000000, Narrow klass shift: 0, Narrow klass range: 0x100000000

GC Precious Log:
 CardTable entry size: 512
 Card Set container configuration: InlinePtr #cards 5 size 8 Array Of Cards #cards 12 size 40 Howl #buckets 4 coarsen threshold 1843 Howl Bitmap #cards 512 size 80 coarsen threshold 460 Card regions per heap region 1 cards per card region 2048
 CPUs: 12 total, 12 available
 Memory: 16055M
 Large Page Support: Disabled
 NUMA Support: Disabled
 Compressed Oops: Enabled (32-bit)
 Heap Region Size: 1M
 Heap Min Capacity: 256M
 Heap Initial Capacity: 256M
 Heap Max Capacity: 512M
 Pre-touch: Disabled
 Parallel Workers: 10
 Concurrent Workers: 3
 Concurrent Refinement Workers: 10
 Periodic GC: Disabled

Heap:
 garbage-first heap   total 262144K, used 167933K [0x00000000e0000000, 0x0000000100000000)
  region size 1024K, 105 young (107520K), 11 survivors (11264K)
 Metaspace       used 94372K, committed 96192K, reserved 458752K
  class space    used 12458K, committed 13312K, reserved 327680K

Heap Regions: E=young(eden), S=young(survivor), O=old, HS=humongous(starts), HC=humongous(continues), CS=collection set, F=free, TAMS=top-at-mark-start, PB=parsable bottom
|   0|0x00000000e0000000, 0x00000000e0100000, 0x00000000e0100000|100%|HS|  |TAMS 0x00000000e0000000| PB 0x00000000e0000000| Complete 
|   1|0x00000000e0100000, 0x00000000e0200000, 0x00000000e0200000|100%|HC|  |TAMS 0x00000000e0100000| PB 0x00000000e0100000| Complete 
|   2|0x00000000e0200000, 0x00000000e0300000, 0x00000000e0300000|100%|HC|  |TAMS 0x00000000e0200000| PB 0x00000000e0200000| Complete 
|   3|0x00000000e0300000, 0x00000000e0400000, 0x00000000e0400000|100%|HC|  |TAMS 0x00000000e0300000| PB 0x00000000e0300000| Complete 
|   4|0x00000000e0400000, 0x00000000e0500000, 0x00000000e0500000|100%| O|  |TAMS 0x00000000e0400000| PB 0x00000000e0400000| Untracked 
|   5|0x00000000e0500000, 0x00000000e0600000, 0x00000000e0600000|100%| O|  |TAMS 0x00000000e0500000| PB 0x00000000e0500000| Untracked 
|   6|0x00000000e0600000, 0x00000000e0700000, 0x00000000e0700000|100%| O|  |TAMS 0x00000000e0600000| PB 0x00000000e0600000| Untracked 
|   7|0x00000000e0700000, 0x00000000e0800000, 0x00000000e0800000|100%|HS|  |TAMS 0x00000000e0700000| PB 0x00000000e0700000| Complete 
|   8|0x00000000e0800000, 0x00000000e0900000, 0x00000000e0900000|100%| O|  |TAMS 0x00000000e0800000| PB 0x00000000e0800000| Untracked 
|   9|0x00000000e0900000, 0x00000000e0a00000, 0x00000000e0a00000|100%| O|  |TAMS 0x00000000e0900000| PB 0x00000000e0900000| Untracked 
|  10|0x00000000e0a00000, 0x00000000e0b00000, 0x00000000e0b00000|100%| O|  |TAMS 0x00000000e0a00000| PB 0x00000000e0a00000| Untracked 
|  11|0x00000000e0b00000, 0x00000000e0c00000, 0x00000000e0c00000|100%| O|  |TAMS 0x00000000e0b00000| PB 0x00000000e0b00000| Untracked 
|  12|0x00000000e0c00000, 0x00000000e0d00000, 0x00000000e0d00000|100%| O|  |TAMS 0x00000000e0c00000| PB 0x00000000e0c00000| Untracked 
|  13|0x00000000e0d00000, 0x00000000e0e00000, 0x00000000e0e00000|100%| O|  |TAMS 0x00000000e0d00000| PB 0x00000000e0d00000| Untracked 
|  14|0x00000000e0e00000, 0x00000000e0f00000, 0x00000000e0f00000|100%| O|  |TAMS 0x00000000e0e00000| PB 0x00000000e0e00000| Untracked 
|  15|0x00000000e0f00000, 0x00000000e1000000, 0x00000000e1000000|100%| O|  |TAMS 0x00000000e0f00000| PB 0x00000000e0f00000| Untracked 
|  16|0x00000000e1000000, 0x00000000e1100000, 0x00000000e1100000|100%| O|  |TAMS 0x00000000e1000000| PB 0x00000000e1000000| Untracked 
|  17|0x00000000e1100000, 0x00000000e1200000, 0x00000000e1200000|100%| O|  |TAMS 0x00000000e1100000| PB 0x00000000e1100000| Untracked 
|  18|0x00000000e1200000, 0x00000000e1300000, 0x00000000e1300000|100%| O|  |TAMS 0x00000000e1200000| PB 0x00000000e1200000| Untracked 
|  19|0x00000000e1300000, 0x00000000e1400000, 0x00000000e1400000|100%| O|  |TAMS 0x00000000e1300000| PB 0x00000000e1300000| Untracked 
|  20|0x00000000e1400000, 0x00000000e1500000, 0x00000000e1500000|100%| O|  |TAMS 0x00000000e1400000| PB 0x00000000e1400000| Untracked 
|  21|0x00000000e1500000, 0x00000000e1600000, 0x00000000e1600000|100%| O|  |TAMS 0x00000000e1500000| PB 0x00000000e1500000| Untracked 
|  22|0x00000000e1600000, 0x00000000e1700000, 0x00000000e1700000|100%|HS|  |TAMS 0x00000000e1600000| PB 0x00000000e1600000| Complete 
|  23|0x00000000e1700000, 0x00000000e1800000, 0x00000000e1800000|100%| O|  |TAMS 0x00000000e1700000| PB 0x00000000e1700000| Untracked 
|  24|0x00000000e1800000, 0x00000000e1900000, 0x00000000e1900000|100%| O|  |TAMS 0x00000000e1800000| PB 0x00000000e1800000| Untracked 
|  25|0x00000000e1900000, 0x00000000e1a00000, 0x00000000e1a00000|100%| O|  |TAMS 0x00000000e1900000| PB 0x00000000e1900000| Untracked 
|  26|0x00000000e1a00000, 0x00000000e1b00000, 0x00000000e1b00000|100%| O|  |TAMS 0x00000000e1a00000| PB 0x00000000e1a00000| Untracked 
|  27|0x00000000e1b00000, 0x00000000e1c00000, 0x00000000e1c00000|100%| O|  |TAMS 0x00000000e1b00000| PB 0x00000000e1b00000| Untracked 
|  28|0x00000000e1c00000, 0x00000000e1d00000, 0x00000000e1d00000|100%| O|  |TAMS 0x00000000e1c00000| PB 0x00000000e1c00000| Untracked 
|  29|0x00000000e1d00000, 0x00000000e1e00000, 0x00000000e1e00000|100%| O|  |TAMS 0x00000000e1d00000| PB 0x00000000e1d00000| Untracked 
|  30|0x00000000e1e00000, 0x00000000e1f00000, 0x00000000e1f00000|100%| O|  |TAMS 0x00000000e1e00000| PB 0x00000000e1e00000| Untracked 
|  31|0x00000000e1f00000, 0x00000000e2000000, 0x00000000e2000000|100%| O|  |TAMS 0x00000000e1f00000| PB 0x00000000e1f00000| Untracked 
|  32|0x00000000e2000000, 0x00000000e2100000, 0x00000000e2100000|100%| O|  |TAMS 0x00000000e2000000| PB 0x00000000e2000000| Untracked 
|  33|0x00000000e2100000, 0x00000000e2200000, 0x00000000e2200000|100%| O|  |TAMS 0x00000000e2100000| PB 0x00000000e2100000| Untracked 
|  34|0x00000000e2200000, 0x00000000e2300000, 0x00000000e2300000|100%| O|  |TAMS 0x00000000e2200000| PB 0x00000000e2200000| Untracked 
|  35|0x00000000e2300000, 0x00000000e2400000, 0x00000000e2400000|100%| O|  |TAMS 0x00000000e2300000| PB 0x00000000e2300000| Untracked 
|  36|0x00000000e2400000, 0x00000000e2500000, 0x00000000e2500000|100%| O|  |TAMS 0x00000000e2400000| PB 0x00000000e2400000| Untracked 
|  37|0x00000000e2500000, 0x00000000e2600000, 0x00000000e2600000|100%| O|  |TAMS 0x00000000e2500000| PB 0x00000000e2500000| Untracked 
|  38|0x00000000e2600000, 0x00000000e2700000, 0x00000000e2700000|100%| O|  |TAMS 0x00000000e2600000| PB 0x00000000e2600000| Untracked 
|  39|0x00000000e2700000, 0x00000000e2800000, 0x00000000e2800000|100%| O|  |TAMS 0x00000000e2700000| PB 0x00000000e2700000| Untracked 
|  40|0x00000000e2800000, 0x00000000e2900000, 0x00000000e2900000|100%| O|  |TAMS 0x00000000e2800000| PB 0x00000000e2800000| Untracked 
|  41|0x00000000e2900000, 0x00000000e2a00000, 0x00000000e2a00000|100%| O|  |TAMS 0x00000000e2900000| PB 0x00000000e2900000| Untracked 
|  42|0x00000000e2a00000, 0x00000000e2b00000, 0x00000000e2b00000|100%| O|  |TAMS 0x00000000e2a00000| PB 0x00000000e2a00000| Untracked 
|  43|0x00000000e2b00000, 0x00000000e2c00000, 0x00000000e2c00000|100%| O|  |TAMS 0x00000000e2b00000| PB 0x00000000e2b00000| Untracked 
|  44|0x00000000e2c00000, 0x00000000e2d00000, 0x00000000e2d00000|100%| O|  |TAMS 0x00000000e2c00000| PB 0x00000000e2c00000| Untracked 
|  45|0x00000000e2d00000, 0x00000000e2e00000, 0x00000000e2e00000|100%| O|  |TAMS 0x00000000e2d00000| PB 0x00000000e2d00000| Untracked 
|  46|0x00000000e2e00000, 0x00000000e2f00000, 0x00000000e2f00000|100%| O|  |TAMS 0x00000000e2e00000| PB 0x00000000e2e00000| Untracked 
|  47|0x00000000e2f00000, 0x00000000e3000000, 0x00000000e3000000|100%| O|  |TAMS 0x00000000e2f00000| PB 0x00000000e2f00000| Untracked 
|  48|0x00000000e3000000, 0x00000000e3100000, 0x00000000e3100000|100%| O|  |TAMS 0x00000000e3000000| PB 0x00000000e3000000| Untracked 
|  49|0x00000000e3100000, 0x00000000e3200000, 0x00000000e3200000|100%| O|  |TAMS 0x00000000e3100000| PB 0x00000000e3100000| Untracked 
|  50|0x00000000e3200000, 0x00000000e3300000, 0x00000000e3300000|100%| O|  |TAMS 0x00000000e3200000| PB 0x00000000e3200000| Untracked 
|  51|0x00000000e3300000, 0x00000000e3400000, 0x00000000e3400000|100%| O|  |TAMS 0x00000000e3300000| PB 0x00000000e3300000| Untracked 
|  52|0x00000000e3400000, 0x00000000e3500000, 0x00000000e3500000|100%| O|  |TAMS 0x00000000e3400000| PB 0x00000000e3400000| Untracked 
|  53|0x00000000e3500000, 0x00000000e3600000, 0x00000000e3600000|100%| O|  |TAMS 0x00000000e3500000| PB 0x00000000e3500000| Untracked 
|  54|0x00000000e3600000, 0x00000000e3700000, 0x00000000e3700000|100%| O|  |TAMS 0x00000000e3600000| PB 0x00000000e3600000| Untracked 
|  55|0x00000000e3700000, 0x00000000e3800000, 0x00000000e3800000|100%| O|  |TAMS 0x00000000e3700000| PB 0x00000000e3700000| Untracked 
|  56|0x00000000e3800000, 0x00000000e3900000, 0x00000000e3900000|100%| O|  |TAMS 0x00000000e3800000| PB 0x00000000e3800000| Untracked 
|  57|0x00000000e3900000, 0x00000000e3a00000, 0x00000000e3a00000|100%| O|  |TAMS 0x00000000e3900000| PB 0x00000000e3900000| Untracked 
|  58|0x00000000e3a00000, 0x00000000e3b00000, 0x00000000e3b00000|100%| O|  |TAMS 0x00000000e3a00000| PB 0x00000000e3a00000| Untracked 
|  59|0x00000000e3b00000, 0x00000000e3c00000, 0x00000000e3c00000|100%| O|  |TAMS 0x00000000e3b00000| PB 0x00000000e3b00000| Untracked 
|  60|0x00000000e3c00000, 0x00000000e3ca7d00, 0x00000000e3d00000| 65%| O|  |TAMS 0x00000000e3c00000| PB 0x00000000e3c00000| Untracked 
|  61|0x00000000e3d00000, 0x00000000e3d00000, 0x00000000e3e00000|  0%| F|  |TAMS 0x00000000e3d00000| PB 0x00000000e3d00000| Untracked 
|  62|0x00000000e3e00000, 0x00000000e3e00000, 0x00000000e3f00000|  0%| F|  |TAMS 0x00000000e3e00000| PB 0x00000000e3e00000| Untracked 
|  63|0x00000000e3f00000, 0x00000000e3f00000, 0x00000000e4000000|  0%| F|  |TAMS 0x00000000e3f00000| PB 0x00000000e3f00000| Untracked 
|  64|0x00000000e4000000, 0x00000000e4000000, 0x00000000e4100000|  0%| F|  |TAMS 0x00000000e4000000| PB 0x00000000e4000000| Untracked 
|  65|0x00000000e4100000, 0x00000000e4100000, 0x00000000e4200000|  0%| F|  |TAMS 0x00000000e4100000| PB 0x00000000e4100000| Untracked 
|  66|0x00000000e4200000, 0x00000000e4200000, 0x00000000e4300000|  0%| F|  |TAMS 0x00000000e4200000| PB 0x00000000e4200000| Untracked 
|  67|0x00000000e4300000, 0x00000000e4300000, 0x00000000e4400000|  0%| F|  |TAMS 0x00000000e4300000| PB 0x00000000e4300000| Untracked 
|  68|0x00000000e4400000, 0x00000000e4400000, 0x00000000e4500000|  0%| F|  |TAMS 0x00000000e4400000| PB 0x00000000e4400000| Untracked 
|  69|0x00000000e4500000, 0x00000000e4500000, 0x00000000e4600000|  0%| F|  |TAMS 0x00000000e4500000| PB 0x00000000e4500000| Untracked 
|  70|0x00000000e4600000, 0x00000000e4600000, 0x00000000e4700000|  0%| F|  |TAMS 0x00000000e4600000| PB 0x00000000e4600000| Untracked 
|  71|0x00000000e4700000, 0x00000000e4700000, 0x00000000e4800000|  0%| F|  |TAMS 0x00000000e4700000| PB 0x00000000e4700000| Untracked 
|  72|0x00000000e4800000, 0x00000000e4800000, 0x00000000e4900000|  0%| F|  |TAMS 0x00000000e4800000| PB 0x00000000e4800000| Untracked 
|  73|0x00000000e4900000, 0x00000000e4900000, 0x00000000e4a00000|  0%| F|  |TAMS 0x00000000e4900000| PB 0x00000000e4900000| Untracked 
|  74|0x00000000e4a00000, 0x00000000e4a00000, 0x00000000e4b00000|  0%| F|  |TAMS 0x00000000e4a00000| PB 0x00000000e4a00000| Untracked 
|  75|0x00000000e4b00000, 0x00000000e4b00000, 0x00000000e4c00000|  0%| F|  |TAMS 0x00000000e4b00000| PB 0x00000000e4b00000| Untracked 
|  76|0x00000000e4c00000, 0x00000000e4c00000, 0x00000000e4d00000|  0%| F|  |TAMS 0x00000000e4c00000| PB 0x00000000e4c00000| Untracked 
|  77|0x00000000e4d00000, 0x00000000e4d00000, 0x00000000e4e00000|  0%| F|  |TAMS 0x00000000e4d00000| PB 0x00000000e4d00000| Untracked 
|  78|0x00000000e4e00000, 0x00000000e4e00000, 0x00000000e4f00000|  0%| F|  |TAMS 0x00000000e4e00000| PB 0x00000000e4e00000| Untracked 
|  79|0x00000000e4f00000, 0x00000000e4f00000, 0x00000000e5000000|  0%| F|  |TAMS 0x00000000e4f00000| PB 0x00000000e4f00000| Untracked 
|  80|0x00000000e5000000, 0x00000000e5000000, 0x00000000e5100000|  0%| F|  |TAMS 0x00000000e5000000| PB 0x00000000e5000000| Untracked 
|  81|0x00000000e5100000, 0x00000000e5100000, 0x00000000e5200000|  0%| F|  |TAMS 0x00000000e5100000| PB 0x00000000e5100000| Untracked 
|  82|0x00000000e5200000, 0x00000000e5200000, 0x00000000e5300000|  0%| F|  |TAMS 0x00000000e5200000| PB 0x00000000e5200000| Untracked 
|  83|0x00000000e5300000, 0x00000000e5300000, 0x00000000e5400000|  0%| F|  |TAMS 0x00000000e5300000| PB 0x00000000e5300000| Untracked 
|  84|0x00000000e5400000, 0x00000000e5400000, 0x00000000e5500000|  0%| F|  |TAMS 0x00000000e5400000| PB 0x00000000e5400000| Untracked 
|  85|0x00000000e5500000, 0x00000000e5500000, 0x00000000e5600000|  0%| F|  |TAMS 0x00000000e5500000| PB 0x00000000e5500000| Untracked 
|  86|0x00000000e5600000, 0x00000000e5600000, 0x00000000e5700000|  0%| F|  |TAMS 0x00000000e5600000| PB 0x00000000e5600000| Untracked 
|  87|0x00000000e5700000, 0x00000000e5700000, 0x00000000e5800000|  0%| F|  |TAMS 0x00000000e5700000| PB 0x00000000e5700000| Untracked 
|  88|0x00000000e5800000, 0x00000000e5800000, 0x00000000e5900000|  0%| F|  |TAMS 0x00000000e5800000| PB 0x00000000e5800000| Untracked 
|  89|0x00000000e5900000, 0x00000000e5900000, 0x00000000e5a00000|  0%| F|  |TAMS 0x00000000e5900000| PB 0x00000000e5900000| Untracked 
|  90|0x00000000e5a00000, 0x00000000e5a00000, 0x00000000e5b00000|  0%| F|  |TAMS 0x00000000e5a00000| PB 0x00000000e5a00000| Untracked 
|  91|0x00000000e5b00000, 0x00000000e5b00000, 0x00000000e5c00000|  0%| F|  |TAMS 0x00000000e5b00000| PB 0x00000000e5b00000| Untracked 
|  92|0x00000000e5c00000, 0x00000000e5c00000, 0x00000000e5d00000|  0%| F|  |TAMS 0x00000000e5c00000| PB 0x00000000e5c00000| Untracked 
|  93|0x00000000e5d00000, 0x00000000e5d00000, 0x00000000e5e00000|  0%| F|  |TAMS 0x00000000e5d00000| PB 0x00000000e5d00000| Untracked 
|  94|0x00000000e5e00000, 0x00000000e5e00000, 0x00000000e5f00000|  0%| F|  |TAMS 0x00000000e5e00000| PB 0x00000000e5e00000| Untracked 
|  95|0x00000000e5f00000, 0x00000000e5f00000, 0x00000000e6000000|  0%| F|  |TAMS 0x00000000e5f00000| PB 0x00000000e5f00000| Untracked 
|  96|0x00000000e6000000, 0x00000000e6000000, 0x00000000e6100000|  0%| F|  |TAMS 0x00000000e6000000| PB 0x00000000e6000000| Untracked 
|  97|0x00000000e6100000, 0x00000000e6100000, 0x00000000e6200000|  0%| F|  |TAMS 0x00000000e6100000| PB 0x00000000e6100000| Untracked 
|  98|0x00000000e6200000, 0x00000000e6200000, 0x00000000e6300000|  0%| F|  |TAMS 0x00000000e6200000| PB 0x00000000e6200000| Untracked 
|  99|0x00000000e6300000, 0x00000000e6300000, 0x00000000e6400000|  0%| F|  |TAMS 0x00000000e6300000| PB 0x00000000e6300000| Untracked 
| 100|0x00000000e6400000, 0x00000000e6400000, 0x00000000e6500000|  0%| F|  |TAMS 0x00000000e6400000| PB 0x00000000e6400000| Untracked 
| 101|0x00000000e6500000, 0x00000000e6500000, 0x00000000e6600000|  0%| F|  |TAMS 0x00000000e6500000| PB 0x00000000e6500000| Untracked 
| 102|0x00000000e6600000, 0x00000000e6600000, 0x00000000e6700000|  0%| F|  |TAMS 0x00000000e6600000| PB 0x00000000e6600000| Untracked 
| 103|0x00000000e6700000, 0x00000000e6700000, 0x00000000e6800000|  0%| F|  |TAMS 0x00000000e6700000| PB 0x00000000e6700000| Untracked 
| 104|0x00000000e6800000, 0x00000000e6800000, 0x00000000e6900000|  0%| F|  |TAMS 0x00000000e6800000| PB 0x00000000e6800000| Untracked 
| 105|0x00000000e6900000, 0x00000000e6900000, 0x00000000e6a00000|  0%| F|  |TAMS 0x00000000e6900000| PB 0x00000000e6900000| Untracked 
| 106|0x00000000e6a00000, 0x00000000e6a00000, 0x00000000e6b00000|  0%| F|  |TAMS 0x00000000e6a00000| PB 0x00000000e6a00000| Untracked 
| 107|0x00000000e6b00000, 0x00000000e6b00000, 0x00000000e6c00000|  0%| F|  |TAMS 0x00000000e6b00000| PB 0x00000000e6b00000| Untracked 
| 108|0x00000000e6c00000, 0x00000000e6c00000, 0x00000000e6d00000|  0%| F|  |TAMS 0x00000000e6c00000| PB 0x00000000e6c00000| Untracked 
| 109|0x00000000e6d00000, 0x00000000e6d00000, 0x00000000e6e00000|  0%| F|  |TAMS 0x00000000e6d00000| PB 0x00000000e6d00000| Untracked 
| 110|0x00000000e6e00000, 0x00000000e6e00000, 0x00000000e6f00000|  0%| F|  |TAMS 0x00000000e6e00000| PB 0x00000000e6e00000| Untracked 
| 111|0x00000000e6f00000, 0x00000000e6f00000, 0x00000000e7000000|  0%| F|  |TAMS 0x00000000e6f00000| PB 0x00000000e6f00000| Untracked 
| 112|0x00000000e7000000, 0x00000000e70577e0, 0x00000000e7100000| 34%| S|CS|TAMS 0x00000000e7000000| PB 0x00000000e7000000| Complete 
| 113|0x00000000e7100000, 0x00000000e7200000, 0x00000000e7200000|100%| S|CS|TAMS 0x00000000e7100000| PB 0x00000000e7100000| Complete 
| 114|0x00000000e7200000, 0x00000000e7300000, 0x00000000e7300000|100%| S|CS|TAMS 0x00000000e7200000| PB 0x00000000e7200000| Complete 
| 115|0x00000000e7300000, 0x00000000e7400000, 0x00000000e7400000|100%| S|CS|TAMS 0x00000000e7300000| PB 0x00000000e7300000| Complete 
| 116|0x00000000e7400000, 0x00000000e7500000, 0x00000000e7500000|100%| S|CS|TAMS 0x00000000e7400000| PB 0x00000000e7400000| Complete 
| 117|0x00000000e7500000, 0x00000000e7600000, 0x00000000e7600000|100%| S|CS|TAMS 0x00000000e7500000| PB 0x00000000e7500000| Complete 
| 118|0x00000000e7600000, 0x00000000e7700000, 0x00000000e7700000|100%| S|CS|TAMS 0x00000000e7600000| PB 0x00000000e7600000| Complete 
| 119|0x00000000e7700000, 0x00000000e7800000, 0x00000000e7800000|100%| S|CS|TAMS 0x00000000e7700000| PB 0x00000000e7700000| Complete 
| 120|0x00000000e7800000, 0x00000000e7900000, 0x00000000e7900000|100%| S|CS|TAMS 0x00000000e7800000| PB 0x00000000e7800000| Complete 
| 121|0x00000000e7900000, 0x00000000e7a00000, 0x00000000e7a00000|100%| S|CS|TAMS 0x00000000e7900000| PB 0x00000000e7900000| Complete 
| 122|0x00000000e7a00000, 0x00000000e7b00000, 0x00000000e7b00000|100%| S|CS|TAMS 0x00000000e7a00000| PB 0x00000000e7a00000| Complete 
| 123|0x00000000e7b00000, 0x00000000e7b00000, 0x00000000e7c00000|  0%| F|  |TAMS 0x00000000e7b00000| PB 0x00000000e7b00000| Untracked 
| 124|0x00000000e7c00000, 0x00000000e7c00000, 0x00000000e7d00000|  0%| F|  |TAMS 0x00000000e7c00000| PB 0x00000000e7c00000| Untracked 
| 125|0x00000000e7d00000, 0x00000000e7d00000, 0x00000000e7e00000|  0%| F|  |TAMS 0x00000000e7d00000| PB 0x00000000e7d00000| Untracked 
| 126|0x00000000e7e00000, 0x00000000e7e00000, 0x00000000e7f00000|  0%| F|  |TAMS 0x00000000e7e00000| PB 0x00000000e7e00000| Untracked 
| 127|0x00000000e7f00000, 0x00000000e7f00000, 0x00000000e8000000|  0%| F|  |TAMS 0x00000000e7f00000| PB 0x00000000e7f00000| Untracked 
| 128|0x00000000e8000000, 0x00000000e8000000, 0x00000000e8100000|  0%| F|  |TAMS 0x00000000e8000000| PB 0x00000000e8000000| Untracked 
| 129|0x00000000e8100000, 0x00000000e8100000, 0x00000000e8200000|  0%| F|  |TAMS 0x00000000e8100000| PB 0x00000000e8100000| Untracked 
| 130|0x00000000e8200000, 0x00000000e8200000, 0x00000000e8300000|  0%| F|  |TAMS 0x00000000e8200000| PB 0x00000000e8200000| Untracked 
| 131|0x00000000e8300000, 0x00000000e8300000, 0x00000000e8400000|  0%| F|  |TAMS 0x00000000e8300000| PB 0x00000000e8300000| Untracked 
| 132|0x00000000e8400000, 0x00000000e8400000, 0x00000000e8500000|  0%| F|  |TAMS 0x00000000e8400000| PB 0x00000000e8400000| Untracked 
| 133|0x00000000e8500000, 0x00000000e8500000, 0x00000000e8600000|  0%| F|  |TAMS 0x00000000e8500000| PB 0x00000000e8500000| Untracked 
| 134|0x00000000e8600000, 0x00000000e8600000, 0x00000000e8700000|  0%| F|  |TAMS 0x00000000e8600000| PB 0x00000000e8600000| Untracked 
| 135|0x00000000e8700000, 0x00000000e8700000, 0x00000000e8800000|  0%| F|  |TAMS 0x00000000e8700000| PB 0x00000000e8700000| Untracked 
| 136|0x00000000e8800000, 0x00000000e8800000, 0x00000000e8900000|  0%| F|  |TAMS 0x00000000e8800000| PB 0x00000000e8800000| Untracked 
| 137|0x00000000e8900000, 0x00000000e8900000, 0x00000000e8a00000|  0%| F|  |TAMS 0x00000000e8900000| PB 0x00000000e8900000| Untracked 
| 138|0x00000000e8a00000, 0x00000000e8a00000, 0x00000000e8b00000|  0%| F|  |TAMS 0x00000000e8a00000| PB 0x00000000e8a00000| Untracked 
| 139|0x00000000e8b00000, 0x00000000e8b00000, 0x00000000e8c00000|  0%| F|  |TAMS 0x00000000e8b00000| PB 0x00000000e8b00000| Untracked 
| 140|0x00000000e8c00000, 0x00000000e8c00000, 0x00000000e8d00000|  0%| F|  |TAMS 0x00000000e8c00000| PB 0x00000000e8c00000| Untracked 
| 141|0x00000000e8d00000, 0x00000000e8d00000, 0x00000000e8e00000|  0%| F|  |TAMS 0x00000000e8d00000| PB 0x00000000e8d00000| Untracked 
| 142|0x00000000e8e00000, 0x00000000e8e00000, 0x00000000e8f00000|  0%| F|  |TAMS 0x00000000e8e00000| PB 0x00000000e8e00000| Untracked 
| 143|0x00000000e8f00000, 0x00000000e8f00000, 0x00000000e9000000|  0%| F|  |TAMS 0x00000000e8f00000| PB 0x00000000e8f00000| Untracked 
| 144|0x00000000e9000000, 0x00000000e9000000, 0x00000000e9100000|  0%| F|  |TAMS 0x00000000e9000000| PB 0x00000000e9000000| Untracked 
| 145|0x00000000e9100000, 0x00000000e9100000, 0x00000000e9200000|  0%| F|  |TAMS 0x00000000e9100000| PB 0x00000000e9100000| Untracked 
| 146|0x00000000e9200000, 0x00000000e9200000, 0x00000000e9300000|  0%| F|  |TAMS 0x00000000e9200000| PB 0x00000000e9200000| Untracked 
| 147|0x00000000e9300000, 0x00000000e9300000, 0x00000000e9400000|  0%| F|  |TAMS 0x00000000e9300000| PB 0x00000000e9300000| Untracked 
| 148|0x00000000e9400000, 0x00000000e9400000, 0x00000000e9500000|  0%| F|  |TAMS 0x00000000e9400000| PB 0x00000000e9400000| Untracked 
| 149|0x00000000e9500000, 0x00000000e9500000, 0x00000000e9600000|  0%| F|  |TAMS 0x00000000e9500000| PB 0x00000000e9500000| Untracked 
| 150|0x00000000e9600000, 0x00000000e9600000, 0x00000000e9700000|  0%| F|  |TAMS 0x00000000e9600000| PB 0x00000000e9600000| Untracked 
| 151|0x00000000e9700000, 0x00000000e9700000, 0x00000000e9800000|  0%| F|  |TAMS 0x00000000e9700000| PB 0x00000000e9700000| Untracked 
| 152|0x00000000e9800000, 0x00000000e9800000, 0x00000000e9900000|  0%| F|  |TAMS 0x00000000e9800000| PB 0x00000000e9800000| Untracked 
| 153|0x00000000e9900000, 0x00000000e9900000, 0x00000000e9a00000|  0%| F|  |TAMS 0x00000000e9900000| PB 0x00000000e9900000| Untracked 
| 154|0x00000000e9a00000, 0x00000000e9a00000, 0x00000000e9b00000|  0%| F|  |TAMS 0x00000000e9a00000| PB 0x00000000e9a00000| Untracked 
| 155|0x00000000e9b00000, 0x00000000e9b00000, 0x00000000e9c00000|  0%| F|  |TAMS 0x00000000e9b00000| PB 0x00000000e9b00000| Untracked 
| 156|0x00000000e9c00000, 0x00000000e9c00000, 0x00000000e9d00000|  0%| F|  |TAMS 0x00000000e9c00000| PB 0x00000000e9c00000| Untracked 
| 157|0x00000000e9d00000, 0x00000000e9d00000, 0x00000000e9e00000|  0%| F|  |TAMS 0x00000000e9d00000| PB 0x00000000e9d00000| Untracked 
| 158|0x00000000e9e00000, 0x00000000e9e00000, 0x00000000e9f00000|  0%| F|  |TAMS 0x00000000e9e00000| PB 0x00000000e9e00000| Untracked 
| 159|0x00000000e9f00000, 0x00000000e9f00000, 0x00000000ea000000|  0%| F|  |TAMS 0x00000000e9f00000| PB 0x00000000e9f00000| Untracked 
| 160|0x00000000ea000000, 0x00000000ea000000, 0x00000000ea100000|  0%| F|  |TAMS 0x00000000ea000000| PB 0x00000000ea000000| Untracked 
| 161|0x00000000ea100000, 0x00000000ea100000, 0x00000000ea200000|  0%| F|  |TAMS 0x00000000ea100000| PB 0x00000000ea100000| Untracked 
| 162|0x00000000ea200000, 0x00000000ea300000, 0x00000000ea300000|100%| E|  |TAMS 0x00000000ea200000| PB 0x00000000ea200000| Complete 
| 163|0x00000000ea300000, 0x00000000ea400000, 0x00000000ea400000|100%| E|CS|TAMS 0x00000000ea300000| PB 0x00000000ea300000| Complete 
| 164|0x00000000ea400000, 0x00000000ea500000, 0x00000000ea500000|100%| E|CS|TAMS 0x00000000ea400000| PB 0x00000000ea400000| Complete 
| 165|0x00000000ea500000, 0x00000000ea600000, 0x00000000ea600000|100%| E|CS|TAMS 0x00000000ea500000| PB 0x00000000ea500000| Complete 
| 166|0x00000000ea600000, 0x00000000ea700000, 0x00000000ea700000|100%| E|CS|TAMS 0x00000000ea600000| PB 0x00000000ea600000| Complete 
| 167|0x00000000ea700000, 0x00000000ea800000, 0x00000000ea800000|100%| E|CS|TAMS 0x00000000ea700000| PB 0x00000000ea700000| Complete 
| 168|0x00000000ea800000, 0x00000000ea900000, 0x00000000ea900000|100%| E|CS|TAMS 0x00000000ea800000| PB 0x00000000ea800000| Complete 
| 169|0x00000000ea900000, 0x00000000eaa00000, 0x00000000eaa00000|100%| E|CS|TAMS 0x00000000ea900000| PB 0x00000000ea900000| Complete 
| 170|0x00000000eaa00000, 0x00000000eab00000, 0x00000000eab00000|100%| E|CS|TAMS 0x00000000eaa00000| PB 0x00000000eaa00000| Complete 
| 171|0x00000000eab00000, 0x00000000eac00000, 0x00000000eac00000|100%| E|CS|TAMS 0x00000000eab00000| PB 0x00000000eab00000| Complete 
| 172|0x00000000eac00000, 0x00000000ead00000, 0x00000000ead00000|100%| E|CS|TAMS 0x00000000eac00000| PB 0x00000000eac00000| Complete 
| 173|0x00000000ead00000, 0x00000000eae00000, 0x00000000eae00000|100%| E|CS|TAMS 0x00000000ead00000| PB 0x00000000ead00000| Complete 
| 174|0x00000000eae00000, 0x00000000eaf00000, 0x00000000eaf00000|100%| E|CS|TAMS 0x00000000eae00000| PB 0x00000000eae00000| Complete 
| 175|0x00000000eaf00000, 0x00000000eb000000, 0x00000000eb000000|100%| E|CS|TAMS 0x00000000eaf00000| PB 0x00000000eaf00000| Complete 
| 176|0x00000000eb000000, 0x00000000eb100000, 0x00000000eb100000|100%| E|CS|TAMS 0x00000000eb000000| PB 0x00000000eb000000| Complete 
| 177|0x00000000eb100000, 0x00000000eb200000, 0x00000000eb200000|100%| E|CS|TAMS 0x00000000eb100000| PB 0x00000000eb100000| Complete 
| 178|0x00000000eb200000, 0x00000000eb300000, 0x00000000eb300000|100%| E|CS|TAMS 0x00000000eb200000| PB 0x00000000eb200000| Complete 
| 179|0x00000000eb300000, 0x00000000eb400000, 0x00000000eb400000|100%| E|CS|TAMS 0x00000000eb300000| PB 0x00000000eb300000| Complete 
| 180|0x00000000eb400000, 0x00000000eb500000, 0x00000000eb500000|100%| E|CS|TAMS 0x00000000eb400000| PB 0x00000000eb400000| Complete 
| 181|0x00000000eb500000, 0x00000000eb600000, 0x00000000eb600000|100%| E|CS|TAMS 0x00000000eb500000| PB 0x00000000eb500000| Complete 
| 182|0x00000000eb600000, 0x00000000eb700000, 0x00000000eb700000|100%| E|CS|TAMS 0x00000000eb600000| PB 0x00000000eb600000| Complete 
| 183|0x00000000eb700000, 0x00000000eb800000, 0x00000000eb800000|100%| E|CS|TAMS 0x00000000eb700000| PB 0x00000000eb700000| Complete 
| 184|0x00000000eb800000, 0x00000000eb900000, 0x00000000eb900000|100%| E|CS|TAMS 0x00000000eb800000| PB 0x00000000eb800000| Complete 
| 185|0x00000000eb900000, 0x00000000eba00000, 0x00000000eba00000|100%| E|CS|TAMS 0x00000000eb900000| PB 0x00000000eb900000| Complete 
| 186|0x00000000eba00000, 0x00000000ebb00000, 0x00000000ebb00000|100%| E|CS|TAMS 0x00000000eba00000| PB 0x00000000eba00000| Complete 
| 187|0x00000000ebb00000, 0x00000000ebc00000, 0x00000000ebc00000|100%| E|CS|TAMS 0x00000000ebb00000| PB 0x00000000ebb00000| Complete 
| 188|0x00000000ebc00000, 0x00000000ebd00000, 0x00000000ebd00000|100%| E|CS|TAMS 0x00000000ebc00000| PB 0x00000000ebc00000| Complete 
| 189|0x00000000ebd00000, 0x00000000ebe00000, 0x00000000ebe00000|100%| E|CS|TAMS 0x00000000ebd00000| PB 0x00000000ebd00000| Complete 
| 190|0x00000000ebe00000, 0x00000000ebf00000, 0x00000000ebf00000|100%| E|CS|TAMS 0x00000000ebe00000| PB 0x00000000ebe00000| Complete 
| 191|0x00000000ebf00000, 0x00000000ec000000, 0x00000000ec000000|100%| E|CS|TAMS 0x00000000ebf00000| PB 0x00000000ebf00000| Complete 
| 192|0x00000000ec000000, 0x00000000ec100000, 0x00000000ec100000|100%| E|CS|TAMS 0x00000000ec000000| PB 0x00000000ec000000| Complete 
| 193|0x00000000ec100000, 0x00000000ec200000, 0x00000000ec200000|100%| E|CS|TAMS 0x00000000ec100000| PB 0x00000000ec100000| Complete 
| 194|0x00000000ec200000, 0x00000000ec300000, 0x00000000ec300000|100%| E|CS|TAMS 0x00000000ec200000| PB 0x00000000ec200000| Complete 
| 195|0x00000000ec300000, 0x00000000ec400000, 0x00000000ec400000|100%| E|CS|TAMS 0x00000000ec300000| PB 0x00000000ec300000| Complete 
| 196|0x00000000ec400000, 0x00000000ec500000, 0x00000000ec500000|100%| E|CS|TAMS 0x00000000ec400000| PB 0x00000000ec400000| Complete 
| 197|0x00000000ec500000, 0x00000000ec600000, 0x00000000ec600000|100%| E|CS|TAMS 0x00000000ec500000| PB 0x00000000ec500000| Complete 
| 198|0x00000000ec600000, 0x00000000ec700000, 0x00000000ec700000|100%| E|CS|TAMS 0x00000000ec600000| PB 0x00000000ec600000| Complete 
| 199|0x00000000ec700000, 0x00000000ec800000, 0x00000000ec800000|100%| E|CS|TAMS 0x00000000ec700000| PB 0x00000000ec700000| Complete 
| 200|0x00000000ec800000, 0x00000000ec900000, 0x00000000ec900000|100%| E|CS|TAMS 0x00000000ec800000| PB 0x00000000ec800000| Complete 
| 201|0x00000000ec900000, 0x00000000eca00000, 0x00000000eca00000|100%| E|CS|TAMS 0x00000000ec900000| PB 0x00000000ec900000| Complete 
| 202|0x00000000eca00000, 0x00000000ecb00000, 0x00000000ecb00000|100%| E|CS|TAMS 0x00000000eca00000| PB 0x00000000eca00000| Complete 
| 203|0x00000000ecb00000, 0x00000000ecc00000, 0x00000000ecc00000|100%| E|CS|TAMS 0x00000000ecb00000| PB 0x00000000ecb00000| Complete 
| 204|0x00000000ecc00000, 0x00000000ecd00000, 0x00000000ecd00000|100%| E|CS|TAMS 0x00000000ecc00000| PB 0x00000000ecc00000| Complete 
| 205|0x00000000ecd00000, 0x00000000ece00000, 0x00000000ece00000|100%| E|CS|TAMS 0x00000000ecd00000| PB 0x00000000ecd00000| Complete 
| 206|0x00000000ece00000, 0x00000000ecf00000, 0x00000000ecf00000|100%| E|CS|TAMS 0x00000000ece00000| PB 0x00000000ece00000| Complete 
| 207|0x00000000ecf00000, 0x00000000ed000000, 0x00000000ed000000|100%| E|CS|TAMS 0x00000000ecf00000| PB 0x00000000ecf00000| Complete 
| 208|0x00000000ed000000, 0x00000000ed100000, 0x00000000ed100000|100%| E|CS|TAMS 0x00000000ed000000| PB 0x00000000ed000000| Complete 
| 209|0x00000000ed100000, 0x00000000ed200000, 0x00000000ed200000|100%| E|CS|TAMS 0x00000000ed100000| PB 0x00000000ed100000| Complete 
| 210|0x00000000ed200000, 0x00000000ed300000, 0x00000000ed300000|100%| E|CS|TAMS 0x00000000ed200000| PB 0x00000000ed200000| Complete 
| 211|0x00000000ed300000, 0x00000000ed400000, 0x00000000ed400000|100%| E|CS|TAMS 0x00000000ed300000| PB 0x00000000ed300000| Complete 
| 212|0x00000000ed400000, 0x00000000ed500000, 0x00000000ed500000|100%| E|CS|TAMS 0x00000000ed400000| PB 0x00000000ed400000| Complete 
| 213|0x00000000ed500000, 0x00000000ed600000, 0x00000000ed600000|100%| E|CS|TAMS 0x00000000ed500000| PB 0x00000000ed500000| Complete 
| 214|0x00000000ed600000, 0x00000000ed700000, 0x00000000ed700000|100%| E|CS|TAMS 0x00000000ed600000| PB 0x00000000ed600000| Complete 
| 215|0x00000000ed700000, 0x00000000ed800000, 0x00000000ed800000|100%| E|CS|TAMS 0x00000000ed700000| PB 0x00000000ed700000| Complete 
| 216|0x00000000ed800000, 0x00000000ed900000, 0x00000000ed900000|100%| E|CS|TAMS 0x00000000ed800000| PB 0x00000000ed800000| Complete 
| 217|0x00000000ed900000, 0x00000000eda00000, 0x00000000eda00000|100%| E|CS|TAMS 0x00000000ed900000| PB 0x00000000ed900000| Complete 
| 218|0x00000000eda00000, 0x00000000edb00000, 0x00000000edb00000|100%| E|CS|TAMS 0x00000000eda00000| PB 0x00000000eda00000| Complete 
| 219|0x00000000edb00000, 0x00000000edc00000, 0x00000000edc00000|100%| E|CS|TAMS 0x00000000edb00000| PB 0x00000000edb00000| Complete 
| 220|0x00000000edc00000, 0x00000000edd00000, 0x00000000edd00000|100%| E|CS|TAMS 0x00000000edc00000| PB 0x00000000edc00000| Complete 
| 221|0x00000000edd00000, 0x00000000ede00000, 0x00000000ede00000|100%| E|CS|TAMS 0x00000000edd00000| PB 0x00000000edd00000| Complete 
| 222|0x00000000ede00000, 0x00000000edf00000, 0x00000000edf00000|100%| E|CS|TAMS 0x00000000ede00000| PB 0x00000000ede00000| Complete 
| 223|0x00000000edf00000, 0x00000000ee000000, 0x00000000ee000000|100%| E|CS|TAMS 0x00000000edf00000| PB 0x00000000edf00000| Complete 
| 224|0x00000000ee000000, 0x00000000ee100000, 0x00000000ee100000|100%| E|CS|TAMS 0x00000000ee000000| PB 0x00000000ee000000| Complete 
| 225|0x00000000ee100000, 0x00000000ee200000, 0x00000000ee200000|100%| E|CS|TAMS 0x00000000ee100000| PB 0x00000000ee100000| Complete 
| 226|0x00000000ee200000, 0x00000000ee300000, 0x00000000ee300000|100%| E|CS|TAMS 0x00000000ee200000| PB 0x00000000ee200000| Complete 
| 227|0x00000000ee300000, 0x00000000ee400000, 0x00000000ee400000|100%| E|CS|TAMS 0x00000000ee300000| PB 0x00000000ee300000| Complete 
| 228|0x00000000ee400000, 0x00000000ee500000, 0x00000000ee500000|100%| E|CS|TAMS 0x00000000ee400000| PB 0x00000000ee400000| Complete 
| 229|0x00000000ee500000, 0x00000000ee600000, 0x00000000ee600000|100%| E|CS|TAMS 0x00000000ee500000| PB 0x00000000ee500000| Complete 
| 230|0x00000000ee600000, 0x00000000ee700000, 0x00000000ee700000|100%| E|CS|TAMS 0x00000000ee600000| PB 0x00000000ee600000| Complete 
| 231|0x00000000ee700000, 0x00000000ee800000, 0x00000000ee800000|100%| E|CS|TAMS 0x00000000ee700000| PB 0x00000000ee700000| Complete 
| 232|0x00000000ee800000, 0x00000000ee900000, 0x00000000ee900000|100%| E|CS|TAMS 0x00000000ee800000| PB 0x00000000ee800000| Complete 
| 233|0x00000000ee900000, 0x00000000eea00000, 0x00000000eea00000|100%| E|CS|TAMS 0x00000000ee900000| PB 0x00000000ee900000| Complete 
| 234|0x00000000eea00000, 0x00000000eeb00000, 0x00000000eeb00000|100%| E|CS|TAMS 0x00000000eea00000| PB 0x00000000eea00000| Complete 
| 235|0x00000000eeb00000, 0x00000000eec00000, 0x00000000eec00000|100%| E|CS|TAMS 0x00000000eeb00000| PB 0x00000000eeb00000| Complete 
| 236|0x00000000eec00000, 0x00000000eed00000, 0x00000000eed00000|100%| E|CS|TAMS 0x00000000eec00000| PB 0x00000000eec00000| Complete 
| 237|0x00000000eed00000, 0x00000000eee00000, 0x00000000eee00000|100%| E|CS|TAMS 0x00000000eed00000| PB 0x00000000eed00000| Complete 
| 238|0x00000000eee00000, 0x00000000eef00000, 0x00000000eef00000|100%| E|CS|TAMS 0x00000000eee00000| PB 0x00000000eee00000| Complete 
| 239|0x00000000eef00000, 0x00000000ef000000, 0x00000000ef000000|100%| E|CS|TAMS 0x00000000eef00000| PB 0x00000000eef00000| Complete 
| 240|0x00000000ef000000, 0x00000000ef100000, 0x00000000ef100000|100%| E|CS|TAMS 0x00000000ef000000| PB 0x00000000ef000000| Complete 
| 241|0x00000000ef100000, 0x00000000ef200000, 0x00000000ef200000|100%| E|CS|TAMS 0x00000000ef100000| PB 0x00000000ef100000| Complete 
| 242|0x00000000ef200000, 0x00000000ef300000, 0x00000000ef300000|100%| E|CS|TAMS 0x00000000ef200000| PB 0x00000000ef200000| Complete 
| 243|0x00000000ef300000, 0x00000000ef400000, 0x00000000ef400000|100%| E|CS|TAMS 0x00000000ef300000| PB 0x00000000ef300000| Complete 
| 244|0x00000000ef400000, 0x00000000ef500000, 0x00000000ef500000|100%| E|CS|TAMS 0x00000000ef400000| PB 0x00000000ef400000| Complete 
| 245|0x00000000ef500000, 0x00000000ef600000, 0x00000000ef600000|100%| E|CS|TAMS 0x00000000ef500000| PB 0x00000000ef500000| Complete 
| 246|0x00000000ef600000, 0x00000000ef700000, 0x00000000ef700000|100%| E|CS|TAMS 0x00000000ef600000| PB 0x00000000ef600000| Complete 
| 247|0x00000000ef700000, 0x00000000ef800000, 0x00000000ef800000|100%| E|CS|TAMS 0x00000000ef700000| PB 0x00000000ef700000| Complete 
| 248|0x00000000ef800000, 0x00000000ef900000, 0x00000000ef900000|100%| E|CS|TAMS 0x00000000ef800000| PB 0x00000000ef800000| Complete 
| 249|0x00000000ef900000, 0x00000000efa00000, 0x00000000efa00000|100%| E|CS|TAMS 0x00000000ef900000| PB 0x00000000ef900000| Complete 
| 250|0x00000000efa00000, 0x00000000efb00000, 0x00000000efb00000|100%| E|CS|TAMS 0x00000000efa00000| PB 0x00000000efa00000| Complete 
| 251|0x00000000efb00000, 0x00000000efc00000, 0x00000000efc00000|100%| E|CS|TAMS 0x00000000efb00000| PB 0x00000000efb00000| Complete 
| 252|0x00000000efc00000, 0x00000000efd00000, 0x00000000efd00000|100%| E|CS|TAMS 0x00000000efc00000| PB 0x00000000efc00000| Complete 
| 253|0x00000000efd00000, 0x00000000efe00000, 0x00000000efe00000|100%| E|CS|TAMS 0x00000000efd00000| PB 0x00000000efd00000| Complete 
| 254|0x00000000efe00000, 0x00000000eff00000, 0x00000000eff00000|100%| E|CS|TAMS 0x00000000efe00000| PB 0x00000000efe00000| Complete 
| 255|0x00000000eff00000, 0x00000000f0000000, 0x00000000f0000000|100%| E|CS|TAMS 0x00000000eff00000| PB 0x00000000eff00000| Complete 

Card table byte_map: [0x0000028fa64a0000,0x0000028fa65a0000] _byte_map_base: 0x0000028fa5da0000

Marking Bits: (CMBitMap*) 0x0000028f8e76b380
 Bits: [0x0000028fa65a0000, 0x0000028fa6da0000)

Polling page: 0x0000028f8c2c0000

Metaspace:

Usage:
  Non-class:     80.07 MB used.
      Class:     12.17 MB used.
       Both:     92.24 MB used.

Virtual space:
  Non-class space:      128.00 MB reserved,      81.00 MB ( 63%) committed,  2 nodes.
      Class space:      320.00 MB reserved,      13.00 MB (  4%) committed,  1 nodes.
             Both:      448.00 MB reserved,      94.00 MB ( 21%) committed. 

Chunk freelists:
   Non-Class:  15.05 MB
       Class:  3.02 MB
        Both:  18.06 MB

MaxMetaspaceSize: 384.00 MB
CompressedClassSpaceSize: 320.00 MB
Initial GC threshold: 21.00 MB
Current GC threshold: 98.06 MB
CDS: on
 - commit_granule_bytes: 65536.
 - commit_granule_words: 8192.
 - virtual_space_node_default_size: 8388608.
 - enlarge_chunks_in_place: 1.
 - use_allocation_guard: 0.


Internal statistics:

num_allocs_failed_limit: 9.
num_arena_births: 3170.
num_arena_deaths: 0.
num_vsnodes_births: 3.
num_vsnodes_deaths: 0.
num_space_committed: 1504.
num_space_uncommitted: 0.
num_chunks_returned_to_freelist: 9.
num_chunks_taken_from_freelist: 6991.
num_chunk_merges: 9.
num_chunk_splits: 4996.
num_chunks_enlarged: 3589.
num_inconsistent_stats: 0.

CodeHeap 'non-profiled nmethods': size=120000Kb used=4096Kb max_used=4096Kb free=115903Kb
 bounds [0x0000028f9e920000, 0x0000028f9ed30000, 0x0000028fa5e50000]
CodeHeap 'profiled nmethods': size=120000Kb used=13211Kb max_used=13211Kb free=106788Kb
 bounds [0x0000028f96e50000, 0x0000028f97b40000, 0x0000028f9e380000]
CodeHeap 'non-nmethods': size=5760Kb used=2171Kb max_used=2182Kb free=3588Kb
 bounds [0x0000028f9e380000, 0x0000028f9e5f0000, 0x0000028f9e920000]
CodeCache: size=245760Kb, used=19478Kb, max_used=19489Kb, free=226279Kb
 total_blobs=7525, nmethods=6538, adapters=889, full_count=0
Compilation: enabled, stopped_count=0, restarted_count=0

Compilation events (20 events):
Event: 10.991 Thread 0x0000028fa9a771a0 7228       3       org.jetbrains.kotlin.fir.expressions.builder.FirAnnotationArgumentMappingBuilder::<init> (19 bytes)
Event: 10.991 Thread 0x0000028fa9a771a0 nmethod 7228 0x0000028f97b33390 code [0x0000028f97b33560, 0x0000028f97b33910]
Event: 10.991 Thread 0x0000028fa9a771a0 7229       3       org.jetbrains.kotlin.fir.expressions.builder.FirAnnotationArgumentMappingBuilder::build (45 bytes)
Event: 10.992 Thread 0x0000028fa9a771a0 nmethod 7229 0x0000028f97b33a90 code [0x0000028f97b33d00, 0x0000028f97b346d8]
Event: 10.992 Thread 0x0000028fa9a771a0 7231       1       org.jetbrains.kotlin.fir.resolve.providers.impl.AbstractFirBuiltinSymbolProvider$BuiltInsPackageFragment::getNameResolver (5 bytes)
Event: 10.993 Thread 0x0000028fa9a771a0 nmethod 7231 0x0000028f9ed0ff90 code [0x0000028f9ed10120, 0x0000028f9ed101e8]
Event: 10.993 Thread 0x0000028fa9a771a0 7227       1       org.jetbrains.kotlin.fir.declarations.impl.FirSimpleFunctionImpl::getModuleData (5 bytes)
Event: 10.993 Thread 0x0000028fa9a771a0 nmethod 7227 0x0000028f9ed10290 code [0x0000028f9ed10420, 0x0000028f9ed104e8]
Event: 10.993 Thread 0x0000028fa9a771a0 7232       1       org.jetbrains.kotlin.fir.declarations.impl.FirSimpleFunctionImpl::getReceiverParameter (5 bytes)
Event: 10.993 Thread 0x0000028fa9a771a0 nmethod 7232 0x0000028f9ed10590 code [0x0000028f9ed10720, 0x0000028f9ed107e8]
Event: 10.993 Thread 0x0000028fa9a771a0 7230       3       org.jetbrains.org.objectweb.asm.ClassVisitor::visitEnd (15 bytes)
Event: 10.994 Thread 0x0000028fa9a771a0 nmethod 7230 0x0000028f97b34a10 code [0x0000028f97b34bc0, 0x0000028f97b34dc8]
Event: 10.994 Thread 0x0000028fa9a771a0 7233       1       org.jetbrains.kotlin.fir.backend.Fir2IrComponentsStorage::getAnnotationGenerator (5 bytes)
Event: 10.994 Thread 0x0000028fa9a771a0 nmethod 7233 0x0000028f9ed10890 code [0x0000028f9ed10a20, 0x0000028f9ed10ae8]
Event: 10.994 Thread 0x0000028fa9a771a0 7234       1       org.jetbrains.kotlin.ir.declarations.impl.IrValueParameterImpl::getSymbol (5 bytes)
Event: 10.994 Thread 0x0000028fa9a771a0 nmethod 7234 0x0000028f9ed10b90 code [0x0000028f9ed10d20, 0x0000028f9ed10de8]
Event: 11.060 Thread 0x0000028fa9a705a0 nmethod 7029 0x0000028f9ed10e90 code [0x0000028f9ed11640, 0x0000028f9ed18c20]
Event: 11.061 Thread 0x0000028fa9a771a0 7235       1       org.jetbrains.kotlin.ir.types.impl.IrAbstractSimpleType::getClassifier (5 bytes)
Event: 11.062 Thread 0x0000028fa9a771a0 nmethod 7235 0x0000028f9ed1d090 code [0x0000028f9ed1d220, 0x0000028f9ed1d2e8]
Event: 11.064 Thread 0x0000028fa9a705a0 7070       4       org.jetbrains.kotlin.load.kotlin.FileBasedKotlinClass$3$1::visit (52 bytes)

GC Heap History (16 events):
Event: 0.249 GC heap before
{Heap before GC invocations=0 (full 0):
 garbage-first heap   total 262144K, used 23552K [0x00000000e0000000, 0x0000000100000000)
  region size 1024K, 23 young (23552K), 0 survivors (0K)
 Metaspace       used 887K, committed 1024K, reserved 393216K
  class space    used 70K, committed 128K, reserved 327680K
}
Event: 0.251 GC heap after
{Heap after GC invocations=1 (full 0):
 garbage-first heap   total 262144K, used 1610K [0x00000000e0000000, 0x0000000100000000)
  region size 1024K, 2 young (2048K), 2 survivors (2048K)
 Metaspace       used 887K, committed 1024K, reserved 393216K
  class space    used 70K, committed 128K, reserved 327680K
}
Event: 0.834 GC heap before
{Heap before GC invocations=1 (full 0):
 garbage-first heap   total 262144K, used 41546K [0x00000000e0000000, 0x0000000100000000)
  region size 1024K, 38 young (38912K), 2 survivors (2048K)
 Metaspace       used 4612K, committed 4864K, reserved 393216K
  class space    used 584K, committed 704K, reserved 327680K
}
Event: 0.837 GC heap after
{Heap after GC invocations=2 (full 0):
 garbage-first heap   total 262144K, used 11623K [0x00000000e0000000, 0x0000000100000000)
  region size 1024K, 5 young (5120K), 5 survivors (5120K)
 Metaspace       used 4612K, committed 4864K, reserved 393216K
  class space    used 584K, committed 704K, reserved 327680K
}
Event: 2.832 GC heap before
{Heap before GC invocations=2 (full 0):
 garbage-first heap   total 262144K, used 147815K [0x00000000e0000000, 0x0000000100000000)
  region size 1024K, 136 young (139264K), 5 survivors (5120K)
 Metaspace       used 20890K, committed 21504K, reserved 393216K
  class space    used 2844K, committed 3136K, reserved 327680K
}
Event: 2.841 GC heap after
{Heap after GC invocations=3 (full 0):
 garbage-first heap   total 262144K, used 23824K [0x00000000e0000000, 0x0000000100000000)
  region size 1024K, 16 young (16384K), 16 survivors (16384K)
 Metaspace       used 20890K, committed 21504K, reserved 393216K
  class space    used 2844K, committed 3136K, reserved 327680K
}
Event: 4.420 GC heap before
{Heap before GC invocations=4 (full 0):
 garbage-first heap   total 262144K, used 132368K [0x00000000e0000000, 0x0000000100000000)
  region size 1024K, 123 young (125952K), 16 survivors (16384K)
 Metaspace       used 34557K, committed 35968K, reserved 393216K
  class space    used 5109K, committed 5824K, reserved 327680K
}
Event: 4.431 GC heap after
{Heap after GC invocations=5 (full 0):
 garbage-first heap   total 262144K, used 30379K [0x00000000e0000000, 0x0000000100000000)
  region size 1024K, 7 young (7168K), 7 survivors (7168K)
 Metaspace       used 34557K, committed 35968K, reserved 393216K
  class space    used 5109K, committed 5824K, reserved 327680K
}
Event: 6.716 GC heap before
{Heap before GC invocations=6 (full 0):
 garbage-first heap   total 262144K, used 178859K [0x00000000e0000000, 0x0000000100000000)
  region size 1024K, 153 young (156672K), 7 survivors (7168K)
 Metaspace       used 52077K, committed 53824K, reserved 393216K
  class space    used 7873K, committed 8704K, reserved 327680K
}
Event: 6.723 GC heap after
{Heap after GC invocations=7 (full 0):
 garbage-first heap   total 262144K, used 37650K [0x00000000e0000000, 0x0000000100000000)
  region size 1024K, 14 young (14336K), 14 survivors (14336K)
 Metaspace       used 52077K, committed 53824K, reserved 393216K
  class space    used 7873K, committed 8704K, reserved 327680K
}
Event: 7.399 GC heap before
{Heap before GC invocations=7 (full 0):
 garbage-first heap   total 262144K, used 81682K [0x00000000e0000000, 0x0000000100000000)
  region size 1024K, 58 young (59392K), 14 survivors (14336K)
 Metaspace       used 58344K, committed 60096K, reserved 393216K
  class space    used 8627K, committed 9472K, reserved 327680K
}
Event: 7.405 GC heap after
{Heap after GC invocations=8 (full 0):
 garbage-first heap   total 262144K, used 39176K [0x00000000e0000000, 0x0000000100000000)
  region size 1024K, 10 young (10240K), 10 survivors (10240K)
 Metaspace       used 58344K, committed 60096K, reserved 393216K
  class space    used 8627K, committed 9472K, reserved 327680K
}
Event: 8.520 GC heap before
{Heap before GC invocations=9 (full 0):
 garbage-first heap   total 262144K, used 184584K [0x00000000e0000000, 0x0000000100000000)
  region size 1024K, 153 young (156672K), 10 survivors (10240K)
 Metaspace       used 70262K, committed 72064K, reserved 393216K
  class space    used 9940K, committed 10816K, reserved 327680K
}
Event: 8.534 GC heap after
{Heap after GC invocations=10 (full 0):
 garbage-first heap   total 262144K, used 60207K [0x00000000e0000000, 0x0000000100000000)
  region size 1024K, 20 young (20480K), 20 survivors (20480K)
 Metaspace       used 70262K, committed 72064K, reserved 393216K
  class space    used 9940K, committed 10816K, reserved 327680K
}
Event: 9.935 GC heap before
{Heap before GC invocations=10 (full 0):
 garbage-first heap   total 262144K, used 195375K [0x00000000e0000000, 0x0000000100000000)
  region size 1024K, 153 young (156672K), 20 survivors (20480K)
 Metaspace       used 86162K, committed 88000K, reserved 458752K
  class space    used 11676K, committed 12544K, reserved 327680K
}
Event: 9.949 GC heap after
{Heap after GC invocations=11 (full 0):
 garbage-first heap   total 262144K, used 71677K [0x00000000e0000000, 0x0000000100000000)
  region size 1024K, 11 young (11264K), 11 survivors (11264K)
 Metaspace       used 86162K, committed 88000K, reserved 458752K
  class space    used 11676K, committed 12544K, reserved 327680K
}

Dll operation events (15 events):
Event: 0.008 Loaded shared library C:\Users\phamq\AppData\Roaming\Code\User\globalStorage\pleiades.java-extension-pack-jdk\java\21\bin\java.dll
Event: 0.028 Loaded shared library C:\Users\phamq\AppData\Roaming\Code\User\globalStorage\pleiades.java-extension-pack-jdk\java\21\bin\jsvml.dll
Event: 0.057 Loaded shared library C:\Users\phamq\AppData\Roaming\Code\User\globalStorage\pleiades.java-extension-pack-jdk\java\21\bin\zip.dll
Event: 0.060 Loaded shared library C:\Users\phamq\AppData\Roaming\Code\User\globalStorage\pleiades.java-extension-pack-jdk\java\21\bin\instrument.dll
Event: 0.064 Loaded shared library C:\Users\phamq\AppData\Roaming\Code\User\globalStorage\pleiades.java-extension-pack-jdk\java\21\bin\net.dll
Event: 0.067 Loaded shared library C:\Users\phamq\AppData\Roaming\Code\User\globalStorage\pleiades.java-extension-pack-jdk\java\21\bin\nio.dll
Event: 0.068 Loaded shared library C:\Users\phamq\AppData\Roaming\Code\User\globalStorage\pleiades.java-extension-pack-jdk\java\21\bin\zip.dll
Event: 0.254 Loaded shared library C:\Users\phamq\AppData\Roaming\Code\User\globalStorage\pleiades.java-extension-pack-jdk\java\21\bin\jimage.dll
Event: 0.467 Loaded shared library C:\Users\phamq\AppData\Roaming\Code\User\globalStorage\pleiades.java-extension-pack-jdk\java\21\bin\verify.dll
Event: 0.505 Loaded shared library C:\Users\phamq\.gradle\native\660c5614fbf4a5f2a75b1949f50a0caf5cd603558e7d8a26e50b933a0cfb79d1\windows-amd64\native-platform.dll
Event: 0.519 Loaded shared library C:\Users\phamq\.gradle\native\0.2.8\x86_64-windows-gnu\gradle-fileevents.dll
Event: 1.361 Loaded shared library C:\Users\phamq\AppData\Roaming\Code\User\globalStorage\pleiades.java-extension-pack-jdk\java\21\bin\management.dll
Event: 1.367 Loaded shared library C:\Users\phamq\AppData\Roaming\Code\User\globalStorage\pleiades.java-extension-pack-jdk\java\21\bin\management_ext.dll
Event: 1.557 Loaded shared library C:\Users\phamq\AppData\Roaming\Code\User\globalStorage\pleiades.java-extension-pack-jdk\java\21\bin\extnet.dll
Event: 1.770 Loaded shared library C:\Users\phamq\AppData\Roaming\Code\User\globalStorage\pleiades.java-extension-pack-jdk\java\21\bin\sunmscapi.dll

Deoptimization events (20 events):
Event: 10.454 Thread 0x0000028fc4a3bb80 Uncommon trap: trap_request=0xffffffde fr.pc=0x0000028f9ec14fd4 relative=0x0000000000000214
Event: 10.455 Thread 0x0000028fc4a3bb80 Uncommon trap: reason=class_check action=maybe_recompile pc=0x0000028f9ec14fd4 method=org.jetbrains.kotlin.protobuf.CodedOutputStream.refreshBuffer()V @ 28 c2
Event: 10.455 Thread 0x0000028fc4a3bb80 DEOPT PACKING pc=0x0000028f9ec14fd4 sp=0x000000ba312f3ff0
Event: 10.455 Thread 0x0000028fc4a3bb80 DEOPT UNPACKING pc=0x0000028f9e3d4422 sp=0x000000ba312f3f58 mode 2
Event: 10.455 Thread 0x0000028fc4a3bb80 Uncommon trap: trap_request=0xffffffde fr.pc=0x0000028f9ec0d154 relative=0x0000000000000214
Event: 10.455 Thread 0x0000028fc4a3bb80 Uncommon trap: reason=class_check action=maybe_recompile pc=0x0000028f9ec0d154 method=org.jetbrains.kotlin.protobuf.CodedOutputStream.refreshBuffer()V @ 28 c2
Event: 10.455 Thread 0x0000028fc4a3bb80 DEOPT PACKING pc=0x0000028f9ec0d154 sp=0x000000ba312f3f90
Event: 10.455 Thread 0x0000028fc4a3bb80 DEOPT UNPACKING pc=0x0000028f9e3d4422 sp=0x000000ba312f3f58 mode 2
Event: 10.609 Thread 0x0000028fc4a3bb80 Uncommon trap: trap_request=0xffffff45 fr.pc=0x0000028f9eca1a34 relative=0x0000000000001cf4
Event: 10.609 Thread 0x0000028fc4a3bb80 Uncommon trap: reason=unstable_if action=reinterpret pc=0x0000028f9eca1a34 method=org.jetbrains.org.objectweb.asm.ClassReader.readElementValue(Lorg/jetbrains/org/objectweb/asm/AnnotationVisitor;ILjava/lang/String;[C)I @ 587 c2
Event: 10.609 Thread 0x0000028fc4a3bb80 DEOPT PACKING pc=0x0000028f9eca1a34 sp=0x000000ba312f0f30
Event: 10.609 Thread 0x0000028fc4a3bb80 DEOPT UNPACKING pc=0x0000028f9e3d4422 sp=0x000000ba312f0ed0 mode 2
Event: 10.893 Thread 0x0000028fc4a3bb80 Uncommon trap: trap_request=0xffffff45 fr.pc=0x0000028f9ec499fc relative=0x000000000000033c
Event: 10.893 Thread 0x0000028fc4a3bb80 Uncommon trap: reason=unstable_if action=reinterpret pc=0x0000028f9ec499fc method=java.lang.String.indexOf([BBILjava/lang/String;I)I @ 22 c2
Event: 10.893 Thread 0x0000028fc4a3bb80 DEOPT PACKING pc=0x0000028f9ec499fc sp=0x000000ba312f3710
Event: 10.893 Thread 0x0000028fc4a3bb80 DEOPT UNPACKING pc=0x0000028f9e3d4422 sp=0x000000ba312f3590 mode 2
Event: 10.893 Thread 0x0000028fc4a3bb80 Uncommon trap: trap_request=0xffffff45 fr.pc=0x0000028f9ebc7fec relative=0x000000000000032c
Event: 10.893 Thread 0x0000028fc4a3bb80 Uncommon trap: reason=unstable_if action=reinterpret pc=0x0000028f9ebc7fec method=java.lang.String.indexOf([BBILjava/lang/String;I)I @ 22 c2
Event: 10.893 Thread 0x0000028fc4a3bb80 DEOPT PACKING pc=0x0000028f9ebc7fec sp=0x000000ba312f3680
Event: 10.893 Thread 0x0000028fc4a3bb80 DEOPT UNPACKING pc=0x0000028f9e3d4422 sp=0x000000ba312f3590 mode 2

Classes loaded (20 events):
Event: 9.324 Loading class java/text/CharacterIterator done
Event: 9.324 Loading class java/text/StringCharacterIterator done
Event: 9.519 Loading class java/util/AbstractList$RandomAccessSubList
Event: 9.519 Loading class java/util/AbstractList$SubList
Event: 9.520 Loading class java/util/AbstractList$SubList done
Event: 9.520 Loading class java/util/AbstractList$RandomAccessSubList done
Event: 9.735 Loading class java/util/AbstractList$SubList$1
Event: 9.735 Loading class java/util/AbstractList$SubList$1 done
Event: 9.776 Loading class java/util/EnumMap$EntrySet
Event: 9.776 Loading class java/util/EnumMap$EntrySet done
Event: 9.776 Loading class java/util/EnumMap$EntryIterator
Event: 9.776 Loading class java/util/EnumMap$EnumMapIterator
Event: 9.776 Loading class java/util/EnumMap$EnumMapIterator done
Event: 9.776 Loading class java/util/EnumMap$EntryIterator done
Event: 9.776 Loading class java/util/EnumMap$EntryIterator$Entry
Event: 9.776 Loading class java/util/EnumMap$EntryIterator$Entry done
Event: 10.664 Loading class java/lang/Byte$ByteCache
Event: 10.664 Loading class java/lang/Byte$ByteCache done
Event: 10.911 Loading class java/lang/Short$ShortCache
Event: 10.911 Loading class java/lang/Short$ShortCache done

Classes unloaded (0 events):
No events

Classes redefined (0 events):
No events

Internal exceptions (20 events):
Event: 7.480 Thread 0x0000028fc4a3bb80 Exception <a 'java/lang/NoSuchMethodError'{0x00000000ef8044b8}: 'java.lang.Object java.lang.invoke.Invokers$Holder.invokeExact_MT(java.lang.Object, java.lang.Object, long, java.lang.Object)'> (0x00000000ef8044b8) 
thrown [s\src\hotspot\share\interpreter\linkResolver.cpp, line 773]
Event: 7.542 Thread 0x0000028fc4a3bb80 Exception <a 'java/lang/NoSuchMethodError'{0x00000000ef21ad20}: 'java.lang.Object java.lang.invoke.DirectMethodHandle$Holder.invokeStatic(java.lang.Object, java.lang.Object, long, long)'> (0x00000000ef21ad20) 
thrown [s\src\hotspot\share\interpreter\linkResolver.cpp, line 773]
Event: 7.545 Thread 0x0000028fc4a3bb80 Exception <a 'java/lang/NoSuchMethodError'{0x00000000ef268240}: 'java.lang.Object java.lang.invoke.DirectMethodHandle$Holder.invokeStatic(java.lang.Object, java.lang.Object, java.lang.Object, long, java.lang.Object)'> (0x00000000ef268240) 
thrown [s\src\hotspot\share\interpreter\linkResolver.cpp, line 773]
Event: 7.545 Thread 0x0000028fc4a3bb80 Exception <a 'java/lang/NoSuchMethodError'{0x00000000ef270e88}: 'java.lang.Object java.lang.invoke.DirectMethodHandle$Holder.newInvokeSpecial(java.lang.Object, java.lang.Object, java.lang.Object, long)'> (0x00000000ef270e88) 
thrown [s\src\hotspot\share\interpreter\linkResolver.cpp, line 773]
Event: 7.545 Thread 0x0000028fc4a3bb80 Exception <a 'java/lang/NoSuchMethodError'{0x00000000ef276150}: 'java.lang.Object java.lang.invoke.Invokers$Holder.linkToTargetMethod(java.lang.Object, java.lang.Object, long, java.lang.Object)'> (0x00000000ef276150) 
thrown [s\src\hotspot\share\interpreter\linkResolver.cpp, line 773]
Event: 7.616 Thread 0x0000028fc4a3bb80 Implicit null exception at 0x0000028f9eb35067 to 0x0000028f9eb35470
Event: 7.621 Thread 0x0000028fc4a3bb80 Implicit null exception at 0x0000028f9ead9eed to 0x0000028f9eadac88
Event: 8.803 Thread 0x0000028fc4a3bb80 Exception <a 'java/lang/NoSuchMethodError'{0x00000000ee400e00}: 'java.lang.Object java.lang.invoke.DirectMethodHandle$Holder.newInvokeSpecial(java.lang.Object, java.lang.Object, java.lang.Object, int, java.lang.Object)'> (0x00000000ee400e00) 
thrown [s\src\hotspot\share\interpreter\linkResolver.cpp, line 773]
Event: 8.803 Thread 0x0000028fc4a3bb80 Exception <a 'java/lang/NoSuchMethodError'{0x00000000ee4067b0}: 'java.lang.Object java.lang.invoke.DirectMethodHandle$Holder.invokeSpecial(java.lang.Object, java.lang.Object, java.lang.Object, java.lang.Object, int, java.lang.Object)'> (0x00000000ee4067b0) 
thrown [s\src\hotspot\share\interpreter\linkResolver.cpp, line 773]
Event: 8.803 Thread 0x0000028fc4a3bb80 Exception <a 'java/lang/NoSuchMethodError'{0x00000000ee40b780}: 'java.lang.Object java.lang.invoke.Invokers$Holder.linkToTargetMethod(java.lang.Object, java.lang.Object, int, java.lang.Object, java.lang.Object)'> (0x00000000ee40b780) 
thrown [s\src\hotspot\share\interpreter\linkResolver.cpp, line 773]
Event: 8.831 Thread 0x0000028fc4a3bb80 Exception <a 'java/lang/NoSuchMethodError'{0x00000000ee286350}: 'java.lang.Object java.lang.invoke.DirectMethodHandle$Holder.newInvokeSpecial(java.lang.Object, java.lang.Object, java.lang.Object, java.lang.Object, int)'> (0x00000000ee286350) 
thrown [s\src\hotspot\share\interpreter\linkResolver.cpp, line 773]
Event: 8.831 Thread 0x0000028fc4a3bb80 Exception <a 'java/lang/NoSuchMethodError'{0x00000000ee28bd00}: 'java.lang.Object java.lang.invoke.DirectMethodHandle$Holder.invokeSpecial(java.lang.Object, java.lang.Object, java.lang.Object, java.lang.Object, java.lang.Object, int)'> (0x00000000ee28bd00) 
thrown [s\src\hotspot\share\interpreter\linkResolver.cpp, line 773]
Event: 8.832 Thread 0x0000028fc4a3bb80 Exception <a 'java/lang/NoSuchMethodError'{0x00000000ee290f70}: 'java.lang.Object java.lang.invoke.Invokers$Holder.linkToTargetMethod(java.lang.Object, java.lang.Object, java.lang.Object, int, java.lang.Object)'> (0x00000000ee290f70) 
thrown [s\src\hotspot\share\interpreter\linkResolver.cpp, line 773]
Event: 9.196 Thread 0x0000028fc4a3bb80 Implicit null exception at 0x0000028f9eb473fc to 0x0000028f9eb474b4
Event: 9.554 Thread 0x0000028fc4a3bb80 Exception <a 'java/lang/NoSuchMethodError'{0x00000000e9c004f0}: 'java.lang.Object java.lang.invoke.DirectMethodHandle$Holder.newInvokeSpecial(java.lang.Object, int, java.lang.Object)'> (0x00000000e9c004f0) 
thrown [s\src\hotspot\share\interpreter\linkResolver.cpp, line 773]
Event: 9.556 Thread 0x0000028fc4a3bb80 Exception <a 'java/lang/NoSuchMethodError'{0x00000000e9c2a4e8}: 'java.lang.Object java.lang.invoke.DirectMethodHandle$Holder.invokeStatic(java.lang.Object, java.lang.Object, java.lang.Object, java.lang.Object, int, java.lang.Object, java.lang.Object)'> (0x00000000e9c2a4e8) 
thrown [s\src\hotspot\share\interpreter\linkResolver.cpp, line 773]
Event: 9.556 Thread 0x0000028fc4a3bb80 Exception <a 'java/lang/NoSuchMethodError'{0x00000000e9c34d68}: 'java.lang.Object java.lang.invoke.DirectMethodHandle$Holder.newInvokeSpecial(java.lang.Object, java.lang.Object, java.lang.Object, java.lang.Object, int, java.lang.Object, java.lang.Object)'> (0x00000000e9c34d68) 
thrown [s\src\hotspot\share\interpreter\linkResolver.cpp, line 773]
Event: 10.718 Thread 0x0000028fc4a3bb80 Exception <a 'java/lang/NoSuchMethodError'{0x00000000eb6006d8}: 'java.lang.Object java.lang.invoke.DirectMethodHandle$Holder.newInvokeSpecial(java.lang.Object, java.lang.Object, java.lang.Object, java.lang.Object, java.lang.Object, java.lang.Object, java.lang.Object, java.lang.Object, int)'> (0x00000000eb6006d8) 
thrown [s\src\hotspot\share\interpreter\linkResolver.cpp, line 773]
Event: 10.718 Thread 0x0000028fc4a3bb80 Exception <a 'java/lang/NoSuchMethodError'{0x00000000eb606b78}: 'java.lang.Object java.lang.invoke.DirectMethodHandle$Holder.invokeSpecial(java.lang.Object, java.lang.Object, java.lang.Object, java.lang.Object, java.lang.Object, java.lang.Object, java.lang.Object, java.lang.Object, java.lang.Object, int)'> (0x00000000eb606b78) 
thrown [s\src\hotspot\share\interpreter\linkResolver.cpp, line 773]
Event: 10.718 Thread 0x0000028fc4a3bb80 Exception <a 'java/lang/NoSuchMethodError'{0x00000000eb60c4e8}: 'java.lang.Object java.lang.invoke.Invokers$Holder.linkToTargetMethod(java.lang.Object, java.lang.Object, java.lang.Object, java.lang.Object, java.lang.Object, java.lang.Object, java.lang.Object, int, java.lang.Object)'> (0x00000000eb60c4e8) 
thrown [s\src\hotspot\share\interpreter\linkResolver.cpp, line 773]

ZGC Phase Switch (0 events):
No events

VM Operations (20 events):
Event: 9.502 Executing non-safepoint VM operation: HandshakeAllThreads (Deoptimize)
Event: 9.502 Executing non-safepoint VM operation: HandshakeAllThreads (Deoptimize) done
Event: 9.502 Executing safepoint VM operation: ICBufferFull
Event: 9.502 Executing safepoint VM operation: ICBufferFull done
Event: 9.594 Executing non-safepoint VM operation: HandshakeAllThreads (Deoptimize)
Event: 9.594 Executing non-safepoint VM operation: HandshakeAllThreads (Deoptimize) done
Event: 9.716 Executing non-safepoint VM operation: HandshakeAllThreads (Deoptimize)
Event: 9.716 Executing non-safepoint VM operation: HandshakeAllThreads (Deoptimize) done
Event: 9.809 Executing non-safepoint VM operation: HandshakeAllThreads (Deoptimize)
Event: 9.809 Executing non-safepoint VM operation: HandshakeAllThreads (Deoptimize) done
Event: 9.935 Executing safepoint VM operation: G1CollectForAllocation (G1 Evacuation Pause)
Event: 9.949 Executing safepoint VM operation: G1CollectForAllocation (G1 Evacuation Pause) done
Event: 10.351 Executing non-safepoint VM operation: HandshakeAllThreads (Deoptimize)
Event: 10.351 Executing non-safepoint VM operation: HandshakeAllThreads (Deoptimize) done
Event: 10.736 Executing non-safepoint VM operation: HandshakeAllThreads (Deoptimize)
Event: 10.736 Executing non-safepoint VM operation: HandshakeAllThreads (Deoptimize) done
Event: 10.739 Executing non-safepoint VM operation: HandshakeAllThreads (Deoptimize)
Event: 10.739 Executing non-safepoint VM operation: HandshakeAllThreads (Deoptimize) done
Event: 10.952 Executing safepoint VM operation: ICBufferFull
Event: 10.953 Executing safepoint VM operation: ICBufferFull done

Memory protections (0 events):
No events

Nmethod flushes (20 events):
Event: 7.416 Thread 0x0000028fa9a4ae90 flushing  nmethod 0x0000028f97496610
Event: 7.416 Thread 0x0000028fa9a4ae90 flushing  nmethod 0x0000028f970f9590
Event: 7.416 Thread 0x0000028fa9a4ae90 flushing  nmethod 0x0000028f9713c390
Event: 7.416 Thread 0x0000028fa9a4ae90 flushing  nmethod 0x0000028f97146490
Event: 7.416 Thread 0x0000028fa9a4ae90 flushing  nmethod 0x0000028f97146a90
Event: 7.416 Thread 0x0000028fa9a4ae90 flushing  nmethod 0x0000028f97147110
Event: 7.416 Thread 0x0000028fa9a4ae90 flushing  nmethod 0x0000028f9716d790
Event: 7.416 Thread 0x0000028fa9a4ae90 flushing  nmethod 0x0000028f971ee190
Event: 7.416 Thread 0x0000028fa9a4ae90 flushing  nmethod 0x0000028f971f0210
Event: 7.416 Thread 0x0000028fa9a4ae90 flushing  nmethod 0x0000028f971f1010
Event: 7.416 Thread 0x0000028fa9a4ae90 flushing  nmethod 0x0000028f971f1910
Event: 7.416 Thread 0x0000028fa9a4ae90 flushing  nmethod 0x0000028f97275090
Event: 7.416 Thread 0x0000028fa9a4ae90 flushing  nmethod 0x0000028f97276390
Event: 7.416 Thread 0x0000028fa9a4ae90 flushing  nmethod 0x0000028f9727d990
Event: 7.416 Thread 0x0000028fa9a4ae90 flushing  nmethod 0x0000028f972a2710
Event: 7.416 Thread 0x0000028fa9a4ae90 flushing  nmethod 0x0000028f972add90
Event: 7.416 Thread 0x0000028fa9a4ae90 flushing  nmethod 0x0000028f972b8810
Event: 7.416 Thread 0x0000028fa9a4ae90 flushing  nmethod 0x0000028f972bbd90
Event: 7.416 Thread 0x0000028fa9a4ae90 flushing  nmethod 0x0000028f9738a910
Event: 7.416 Thread 0x0000028fa9a4ae90 flushing  nmethod 0x0000028f973b6990

Events (20 events):
Event: 7.279 Thread 0x0000028fa9a771a0 Thread added: 0x0000028fc7c1b270
Event: 7.472 Thread 0x0000028fc7c1b270 Thread exited: 0x0000028fc7c1b270
Event: 7.498 Thread 0x0000028fa9a771a0 Thread added: 0x0000028fc7c1a4d0
Event: 7.558 Thread 0x0000028fa9a705a0 Thread added: 0x0000028fc7c1b270
Event: 7.784 Thread 0x0000028fc7c1b270 Thread exited: 0x0000028fc7c1b270
Event: 7.784 Thread 0x0000028fc7c1a4d0 Thread exited: 0x0000028fc7c1a4d0
Event: 7.801 Thread 0x0000028fa9a771a0 Thread added: 0x0000028fc7c19060
Event: 7.916 Thread 0x0000028fc7c19060 Thread exited: 0x0000028fc7c19060
Event: 8.101 Thread 0x0000028fa9a771a0 Thread added: 0x0000028fc7c19730
Event: 8.226 Thread 0x0000028fc7c19730 Thread added: 0x0000028fc7c1a4d0
Event: 8.414 Thread 0x0000028fc7c1a4d0 Thread exited: 0x0000028fc7c1a4d0
Event: 8.561 Thread 0x0000028fc7c19730 Thread exited: 0x0000028fc7c19730
Event: 9.095 Thread 0x0000028fa9a771a0 Thread added: 0x0000028fc6104a30
Event: 9.119 Thread 0x0000028fa9a771a0 Thread added: 0x0000028fc61079e0
Event: 9.276 Thread 0x0000028fc61079e0 Thread exited: 0x0000028fc61079e0
Event: 9.300 Thread 0x0000028fc6104a30 Thread added: 0x0000028fc6108780
Event: 10.562 Thread 0x0000028fc6108780 Thread exited: 0x0000028fc6108780
Event: 10.562 Thread 0x0000028fc6104a30 Thread exited: 0x0000028fc6104a30
Event: 10.621 Thread 0x0000028fa9a771a0 Thread added: 0x0000028fc6104a30
Event: 10.939 Thread 0x0000028fa9a771a0 Thread added: 0x0000028fc6105100


Dynamic libraries:
0x00007ff6a4f90000 - 0x00007ff6a4f9e000 	C:\Users\phamq\AppData\Roaming\Code\User\globalStorage\pleiades.java-extension-pack-jdk\java\21\bin\java.exe
0x00007ffb565e0000 - 0x00007ffb56847000 	C:\WINDOWS\SYSTEM32\ntdll.dll
0x00007ffb55530000 - 0x00007ffb555f9000 	C:\WINDOWS\System32\KERNEL32.DLL
0x00007ffb53240000 - 0x00007ffb53631000 	C:\WINDOWS\System32\KERNELBASE.dll
0x00007ffb537b0000 - 0x00007ffb538fb000 	C:\WINDOWS\System32\ucrtbase.dll
0x00007ffb28a50000 - 0x00007ffb28a68000 	C:\Users\phamq\AppData\Roaming\Code\User\globalStorage\pleiades.java-extension-pack-jdk\java\21\bin\jli.dll
0x00007ffb28a30000 - 0x00007ffb28a4e000 	C:\Users\phamq\AppData\Roaming\Code\User\globalStorage\pleiades.java-extension-pack-jdk\java\21\bin\VCRUNTIME140.dll
0x00007ffb54390000 - 0x00007ffb54555000 	C:\WINDOWS\System32\USER32.dll
0x00007ffb52f70000 - 0x00007ffb52f97000 	C:\WINDOWS\System32\win32u.dll
0x00007ffb56450000 - 0x00007ffb5647b000 	C:\WINDOWS\System32\GDI32.dll
0x00007ffb2cab0000 - 0x00007ffb2cd43000 	C:\WINDOWS\WinSxS\amd64_microsoft.windows.common-controls_6595b64144ccf1df_6.0.26100.8037_none_3e092faae333b53b\COMCTL32.dll
0x00007ffb52fa0000 - 0x00007ffb530cb000 	C:\WINDOWS\System32\gdi32full.dll
0x00007ffb53640000 - 0x00007ffb536e3000 	C:\WINDOWS\System32\msvcp_win.dll
0x00007ffb54bf0000 - 0x00007ffb54c99000 	C:\WINDOWS\System32\msvcrt.dll
0x00007ffb54560000 - 0x00007ffb54591000 	C:\WINDOWS\System32\IMM32.DLL
0x00007ffb2da50000 - 0x00007ffb2da5c000 	C:\Users\phamq\AppData\Roaming\Code\User\globalStorage\pleiades.java-extension-pack-jdk\java\21\bin\vcruntime140_1.dll
0x00007ffb289a0000 - 0x00007ffb28a2d000 	C:\Users\phamq\AppData\Roaming\Code\User\globalStorage\pleiades.java-extension-pack-jdk\java\21\bin\msvcp140.dll
0x00007ffa7ac80000 - 0x00007ffa7ba21000 	C:\Users\phamq\AppData\Roaming\Code\User\globalStorage\pleiades.java-extension-pack-jdk\java\21\bin\server\jvm.dll
0x00007ffb564e0000 - 0x00007ffb5659b000 	C:\WINDOWS\System32\ADVAPI32.dll
0x00007ffb55c30000 - 0x00007ffb55cd7000 	C:\WINDOWS\System32\sechost.dll
0x00007ffb55a00000 - 0x00007ffb55b18000 	C:\WINDOWS\System32\RPCRT4.dll
0x00007ffb55980000 - 0x00007ffb559f4000 	C:\WINDOWS\System32\WS2_32.dll
0x00007ffb47ed0000 - 0x00007ffb47f05000 	C:\WINDOWS\SYSTEM32\WINMM.dll
0x00007ffb52d20000 - 0x00007ffb52d7e000 	C:\WINDOWS\SYSTEM32\POWRPROF.dll
0x00007ffb3ffe0000 - 0x00007ffb3ffeb000 	C:\WINDOWS\SYSTEM32\VERSION.dll
0x00007ffb52d00000 - 0x00007ffb52d14000 	C:\WINDOWS\SYSTEM32\UMPDC.dll
0x00007ffb51c50000 - 0x00007ffb51c6b000 	C:\WINDOWS\SYSTEM32\kernel.appcore.dll
0x00007ffb2ba40000 - 0x00007ffb2ba4a000 	C:\Users\phamq\AppData\Roaming\Code\User\globalStorage\pleiades.java-extension-pack-jdk\java\21\bin\jimage.dll
0x00007ffb50de0000 - 0x00007ffb51022000 	C:\WINDOWS\SYSTEM32\DBGHELP.DLL
0x00007ffb54680000 - 0x00007ffb54a02000 	C:\WINDOWS\System32\combase.dll
0x00007ffb545a0000 - 0x00007ffb54677000 	C:\WINDOWS\System32\OLEAUT32.dll
0x00007ffb2a7d0000 - 0x00007ffb2a80b000 	C:\WINDOWS\SYSTEM32\dbgcore.DLL
0x00007ffb52ec0000 - 0x00007ffb52f65000 	C:\WINDOWS\System32\bcryptPrimitives.dll
0x00007ffb28990000 - 0x00007ffb2899f000 	C:\Users\phamq\AppData\Roaming\Code\User\globalStorage\pleiades.java-extension-pack-jdk\java\21\bin\instrument.dll
0x00007ffb28970000 - 0x00007ffb28990000 	C:\Users\phamq\AppData\Roaming\Code\User\globalStorage\pleiades.java-extension-pack-jdk\java\21\bin\java.dll
0x00007ffb55ce0000 - 0x00007ffb5643f000 	C:\WINDOWS\System32\SHELL32.dll
0x00007ffb530d0000 - 0x00007ffb5323a000 	C:\WINDOWS\System32\wintypes.dll
0x00007ffb53b10000 - 0x00007ffb54374000 	C:\WINDOWS\System32\windows.storage.dll
0x00007ffb55430000 - 0x00007ffb55527000 	C:\WINDOWS\System32\SHCORE.dll
0x00007ffb54f30000 - 0x00007ffb54f97000 	C:\WINDOWS\System32\shlwapi.dll
0x00007ffb52de0000 - 0x00007ffb52e09000 	C:\WINDOWS\SYSTEM32\profapi.dll
0x00007ffad22c0000 - 0x00007ffad2397000 	C:\Users\phamq\AppData\Roaming\Code\User\globalStorage\pleiades.java-extension-pack-jdk\java\21\bin\jsvml.dll
0x00007ffb28950000 - 0x00007ffb28968000 	C:\Users\phamq\AppData\Roaming\Code\User\globalStorage\pleiades.java-extension-pack-jdk\java\21\bin\zip.dll
0x00007ffb28940000 - 0x00007ffb28950000 	C:\Users\phamq\AppData\Roaming\Code\User\globalStorage\pleiades.java-extension-pack-jdk\java\21\bin\net.dll
0x00007ffb47f10000 - 0x00007ffb48037000 	C:\WINDOWS\SYSTEM32\WINHTTP.dll
0x00007ffb521c0000 - 0x00007ffb5222b000 	C:\WINDOWS\system32\mswsock.dll
0x00007ffb217f0000 - 0x00007ffb21806000 	C:\Users\phamq\AppData\Roaming\Code\User\globalStorage\pleiades.java-extension-pack-jdk\java\21\bin\nio.dll
0x00007ffb245c0000 - 0x00007ffb245d0000 	C:\Users\phamq\AppData\Roaming\Code\User\globalStorage\pleiades.java-extension-pack-jdk\java\21\bin\verify.dll
0x00007ffb2da60000 - 0x00007ffb2da87000 	C:\Users\phamq\.gradle\native\660c5614fbf4a5f2a75b1949f50a0caf5cd603558e7d8a26e50b933a0cfb79d1\windows-amd64\native-platform.dll
0x00007ffaeae10000 - 0x00007ffaeae87000 	C:\Users\phamq\.gradle\native\0.2.8\x86_64-windows-gnu\gradle-fileevents.dll
0x00007ffb1b450000 - 0x00007ffb1b45a000 	C:\Users\phamq\AppData\Roaming\Code\User\globalStorage\pleiades.java-extension-pack-jdk\java\21\bin\management.dll
0x00007ffb1b350000 - 0x00007ffb1b35c000 	C:\Users\phamq\AppData\Roaming\Code\User\globalStorage\pleiades.java-extension-pack-jdk\java\21\bin\management_ext.dll
0x00007ffb54380000 - 0x00007ffb54388000 	C:\WINDOWS\System32\PSAPI.DLL
0x00007ffb516b0000 - 0x00007ffb516e3000 	C:\WINDOWS\SYSTEM32\IPHLPAPI.DLL
0x00007ffb54ca0000 - 0x00007ffb54caa000 	C:\WINDOWS\System32\NSI.dll
0x00007ffb217e0000 - 0x00007ffb217e9000 	C:\Users\phamq\AppData\Roaming\Code\User\globalStorage\pleiades.java-extension-pack-jdk\java\21\bin\extnet.dll
0x00007ffb524a0000 - 0x00007ffb524bb000 	C:\WINDOWS\SYSTEM32\CRYPTSP.dll
0x00007ffb51bb0000 - 0x00007ffb51be9000 	C:\WINDOWS\system32\rsaenh.dll
0x00007ffb52270000 - 0x00007ffb522a2000 	C:\WINDOWS\SYSTEM32\USERENV.dll
0x00007ffb52db0000 - 0x00007ffb52dda000 	C:\WINDOWS\SYSTEM32\bcrypt.dll
0x00007ffb524c0000 - 0x00007ffb524cc000 	C:\WINDOWS\SYSTEM32\CRYPTBASE.dll
0x00007ffb217d0000 - 0x00007ffb217de000 	C:\Users\phamq\AppData\Roaming\Code\User\globalStorage\pleiades.java-extension-pack-jdk\java\21\bin\sunmscapi.dll
0x00007ffb53990000 - 0x00007ffb53b07000 	C:\WINDOWS\System32\CRYPT32.dll
0x00007ffb526c0000 - 0x00007ffb526f0000 	C:\WINDOWS\SYSTEM32\ncrypt.dll
0x00007ffb52670000 - 0x00007ffb526af000 	C:\WINDOWS\SYSTEM32\NTASN1.dll
0x00007ffb30f60000 - 0x00007ffb30f68000 	C:\WINDOWS\system32\wshunix.dll

JVMTI agents:
C:\Users\phamq\.gradle\wrapper\dists\gradle-9.2.1-bin\2t0n5ozlw9xmuyvbp7dnzaxug\gradle-9.2.1\lib\agents\gradle-instrumentation-agent-9.2.1.jar path:C:\Users\phamq\AppData\Roaming\Code\User\globalStorage\pleiades.java-extension-pack-jdk\java\21\bin\instrument.dll, loaded, initialized, instrumentlib options:none

dbghelp: loaded successfully - version: 4.0.5 - missing functions: none
symbol engine: initialized successfully - sym options: 0x614 - pdb path: .;C:\Users\phamq\AppData\Roaming\Code\User\globalStorage\pleiades.java-extension-pack-jdk\java\21\bin;C:\WINDOWS\SYSTEM32;C:\WINDOWS\WinSxS\amd64_microsoft.windows.common-controls_6595b64144ccf1df_6.0.26100.8037_none_3e092faae333b53b;C:\Users\phamq\AppData\Roaming\Code\User\globalStorage\pleiades.java-extension-pack-jdk\java\21\bin\server;C:\Users\phamq\.gradle\native\660c5614fbf4a5f2a75b1949f50a0caf5cd603558e7d8a26e50b933a0cfb79d1\windows-amd64;C:\Users\phamq\.gradle\native\0.2.8\x86_64-windows-gnu

VM Arguments:
jvm_args: --add-opens=java.base/java.lang=ALL-UNNAMED --add-opens=java.base/java.lang.invoke=ALL-UNNAMED --add-opens=java.base/java.util=ALL-UNNAMED --add-opens=java.prefs/java.util.prefs=ALL-UNNAMED --add-exports=jdk.compiler/com.sun.tools.javac.api=ALL-UNNAMED --add-exports=jdk.compiler/com.sun.tools.javac.util=ALL-UNNAMED --add-opens=java.base/java.util=ALL-UNNAMED --add-opens=java.prefs/java.util.prefs=ALL-UNNAMED --add-opens=java.base/java.nio.charset=ALL-UNNAMED --add-opens=java.base/java.net=ALL-UNNAMED --add-opens=java.base/java.util.concurrent=ALL-UNNAMED --add-opens=java.base/java.util.concurrent.atomic=ALL-UNNAMED --add-opens=java.xml/javax.xml.namespace=ALL-UNNAMED --add-opens=java.base/java.time=ALL-UNNAMED -XX:MaxMetaspaceSize=384m -XX:+HeapDumpOnOutOfMemoryError -Xms256m -Xmx512m -Dfile.encoding=UTF-8 -Duser.country=US -Duser.language=en -Duser.variant -javaagent:C:\Users\phamq\.gradle\wrapper\dists\gradle-9.2.1-bin\2t0n5ozlw9xmuyvbp7dnzaxug\gradle-9.2.1\lib\agents\gradle-instrumentation-agent-9.2.1.jar 
java_command: org.gradle.launcher.daemon.bootstrap.GradleDaemon 9.2.1
java_class_path (initial): C:\Users\phamq\.gradle\wrapper\dists\gradle-9.2.1-bin\2t0n5ozlw9xmuyvbp7dnzaxug\gradle-9.2.1\lib\gradle-daemon-main-9.2.1.jar
Launcher Type: SUN_STANDARD

[Global flags]
     intx CICompilerCount                          = 4                                         {product} {ergonomic}
   size_t CompressedClassSpaceSize                 = 335544320                                 {product} {ergonomic}
     uint ConcGCThreads                            = 3                                         {product} {ergonomic}
     uint G1ConcRefinementThreads                  = 10                                        {product} {ergonomic}
   size_t G1HeapRegionSize                         = 1048576                                   {product} {ergonomic}
    uintx GCDrainStackTargetSize                   = 64                                        {product} {ergonomic}
     bool HeapDumpOnOutOfMemoryError               = true                                   {manageable} {command line}
   size_t InitialHeapSize                          = 268435456                                 {product} {command line}
   size_t MarkStackSize                            = 4194304                                   {product} {ergonomic}
   size_t MaxHeapSize                              = 536870912                                 {product} {command line}
   size_t MaxMetaspaceSize                         = 402653184                                 {product} {command line}
   size_t MaxNewSize                               = 321912832                                 {product} {ergonomic}
   size_t MinHeapDeltaBytes                        = 1048576                                   {product} {ergonomic}
   size_t MinHeapSize                              = 268435456                                 {product} {command line}
    uintx NonNMethodCodeHeapSize                   = 5839372                                {pd product} {ergonomic}
    uintx NonProfiledCodeHeapSize                  = 122909434                              {pd product} {ergonomic}
    uintx ProfiledCodeHeapSize                     = 122909434                              {pd product} {ergonomic}
    uintx ReservedCodeCacheSize                    = 251658240                              {pd product} {ergonomic}
     bool SegmentedCodeCache                       = true                                      {product} {ergonomic}
   size_t SoftMaxHeapSize                          = 536870912                              {manageable} {ergonomic}
     bool UseCompressedOops                        = true                           {product lp64_product} {ergonomic}
     bool UseG1GC                                  = true                                      {product} {ergonomic}
     bool UseLargePagesIndividualAllocation        = false                                  {pd product} {ergonomic}

Logging:
Log output configuration:
 #0: stdout all=warning uptime,level,tags foldmultilines=false
 #1: stderr all=off uptime,level,tags foldmultilines=false

Release file:
IMPLEMENTOR="Eclipse Adoptium" 
IMPLEMENTOR_VERSION="Temurin-21.0.10+7" 
JAVA_RUNTIME_VERSION="21.0.10+7-LTS" 
JAVA_VERSION="21.0.10" 
JAVA_VERSION_DATE="2026-01-20" 
LIBC="default" 
MODULES="java.base java.compiler java.datatransfer java.xml java.prefs java.desktop java.instrument java.logging java.management java.security.sasl java.naming java.rmi java.management.rmi java.net.http java.scripting java.security.jgss java.transaction.xa java.sql java.sql.rowset java.xml.crypto java.se java.smartcardio jdk.accessibility jdk.internal.jvmstat jdk.attach jdk.charsets jdk.internal.opt jdk.zipfs jdk.compiler jdk.crypto.ec jdk.crypto.cryptoki jdk.crypto.mscapi jdk.dynalink jdk.internal.ed jdk.editpad jdk.hotspot.agent jdk.httpserver jdk.incubator.vector jdk.internal.le jdk.internal.vm.ci jdk.internal.vm.compiler jdk.internal.vm.compiler.management jdk.jartool jdk.javadoc jdk.jcmd jdk.management jdk.management.agent jdk.jconsole jdk.jdeps jdk.jdwp.agent jdk.jdi jdk.jfr jdk.jlink jdk.jpackage jdk.jshell jdk.jsobject jdk.jstatd jdk.localedata jdk.management.jfr jdk.naming.dns jdk.naming.rmi jdk.net jdk.nio.mapmode jdk.random jdk.sctp jdk.security.auth jdk.security.jgss jdk.unsupported jdk.unsupported.desktop jdk.xml.dom" 
OS_ARCH="x86_64" 
OS_NAME="Windows" 
SOURCE=".:git:a633eafe0fcc" 
BUILD_SOURCE="git:458965074606f027bd5afce2cfd5c1055dea0438"
BUILD_SOURCE_REPO="https://github.com/adoptium/temurin-build.git"
SOURCE_REPO="https://github.com/adoptium/jdk21u.git"
FULL_VERSION="21.0.10+7-LTS"
SEMANTIC_VERSION="21.0.10+7"
BUILD_INFO="OS: Windows Server 2022 Version: 10.0"
JVM_VARIANT="Hotspot"
JVM_VERSION="21.0.10+7-LTS"
IMAGE_TYPE="JDK"

Environment Variables:
PATH=C:\Users\phamq\AppData\Local\Programs\Microsoft VS Code;C:\Program Files\Microsoft SDKs\Azure\CLI2\wbin;C:\Program Files\Common Files\Oracle\Java\javapath;C:\Program Files (x86)\VMware\VMware Workstation\bin\;C:\windows\system32;C:\windows;C:\windows\System32\Wbem;C:\windows\System32\WindowsPowerShell\v1.0\;C:\windows\System32\OpenSSH\;C:\Program Files\Microsoft SQL Server\Client SDK\ODBC\170\Tools\Binn\;C:\Program Files (x86)\Microsoft SQL Server\160\Tools\Binn\;C:\Program Files\Microsoft SQL Server\160\Tools\Binn\;C:\Program Files\Microsoft SQL Server\160\DTS\Binn\;C:\Program Files\HP\HP One Agent;C:\Program Files\Git\cmd;C:\ProgramData\chocolatey\bin;C:\Users\phamq\Downloads\platform-tools-latest-windows;C:\flutter\flutter\bin;C:\flutter\flutter\bin\cache\dart-sdk\bin;C:\WINDOWS\system32;C:\WINDOWS;C:\WINDOWS\System32\Wbem;C:\WINDOWS\System32\WindowsPowerShell\v1.0\;C:\WINDOWS\System32\OpenSSH\;D:\download\ngrok-v3-stable-windows-amd64;C:\Program Files\PuTTY\;D:\nodejs\;D:\python\Scripts\;D:\python\;C:\Program Files\MySQL\MySQL Shell 8.0\bin\;C:\Users\phamq\AppData\Local\Microsoft\WindowsApps;C:\xampp\php;C:\Program Files\Azure Data Studio\bin;C:\flutter\flutter\bin\cache\dart-sdk\bin;C:\Program Files\Java\jdk-17\bin;C:\Users\phamq\AppData\Roaming\npm;C:\Users\phamq\AppData\Local\Programs\Microsoft VS Code\bin
USERNAME=phamq
OS=Windows_NT
PROCESSOR_IDENTIFIER=Intel64 Family 6 Model 154 Stepping 4, GenuineIntel
TMP=C:\Users\phamq\AppData\Local\Temp
TEMP=C:\Users\phamq\AppData\Local\Temp




Periodic native trim disabled

---------------  S Y S T E M  ---------------

OS:
 Windows 11 , 64 bit Build 26100 (10.0.26100.7920)
OS uptime: 0 days 8:31 hours

CPU: total 12 (initial active 12) (12 cores per cpu, 1 threads per core) family 6 model 154 stepping 4 microcode 0x42c, cx8, cmov, fxsr, mmx, 3dnowpref, sse, sse2, sse3, ssse3, sse4.1, sse4.2, popcnt, lzcnt, tsc, tscinvbit, avx, avx2, aes, erms, clmul, bmi1, bmi2, adx, sha, fma, vzeroupper, clflush, clflushopt, clwb, serialize, rdtscp, rdpid, fsrm, f16c, pku, cet_ibt, cet_ss
Processor Information for processor 0
  Max Mhz: 1700, Current Mhz: 1700, Mhz Limit: 1700
Processor Information for processor 1
  Max Mhz: 1700, Current Mhz: 1700, Mhz Limit: 1700
Processor Information for processor 2
  Max Mhz: 1700, Current Mhz: 1700, Mhz Limit: 1700
Processor Information for processor 3
  Max Mhz: 1700, Current Mhz: 1700, Mhz Limit: 1700
Processor Information for processor 4
  Max Mhz: 1700, Current Mhz: 1200, Mhz Limit: 1190
Processor Information for processor 5
  Max Mhz: 1700, Current Mhz: 1200, Mhz Limit: 1190
Processor Information for processor 6
  Max Mhz: 1700, Current Mhz: 1200, Mhz Limit: 1190
Processor Information for processor 7
  Max Mhz: 1700, Current Mhz: 1200, Mhz Limit: 1190
Processor Information for processor 8
  Max Mhz: 1700, Current Mhz: 1200, Mhz Limit: 1190
Processor Information for processor 9
  Max Mhz: 1700, Current Mhz: 1200, Mhz Limit: 1190
Processor Information for processor 10
  Max Mhz: 1700, Current Mhz: 1200, Mhz Limit: 1190
Processor Information for processor 11
  Max Mhz: 1700, Current Mhz: 1200, Mhz Limit: 1190

Memory: 4k page, system-wide physical 16055M (1844M free)
TotalPageFile size 26493M (AvailPageFile size 5M)
current process WorkingSet (physical memory assigned to process): 501M, peak: 502M
current process commit charge ("private bytes"): 570M, peak: 570M

vm_info: OpenJDK 64-Bit Server VM (21.0.10+7-LTS) for windows-amd64 JRE (21.0.10+7-LTS), built on 2026-01-20T00:00:00Z by "admin" with MS VC++ 17.12 (VS2022)

END.
